{"C:\\Users\\andreson.vaz\\Documents\\ANDRESON GLIN\\INDT\\8 - TESTE\\PROJETO FINAL\\projeto-typescript-aula\\src\\app.ts": {"path":"C:\\Users\\andreson.vaz\\Documents\\ANDRESON GLIN\\INDT\\8 - TESTE\\PROJETO FINAL\\projeto-typescript-aula\\src\\app.ts","statementMap":{"0":{"start":{"line":1,"column":0},"end":{"line":1,"column":26}},"1":{"start":{"line":2,"column":0},"end":{"line":2,"column":30}},"2":{"start":{"line":3,"column":0},"end":{"line":3,"column":24}},"3":{"start":{"line":4,"column":0},"end":{"line":4,"column":28}},"4":{"start":{"line":5,"column":0},"end":{"line":5,"column":28}},"5":{"start":{"line":6,"column":0},"end":{"line":6,"column":43}},"6":{"start":{"line":7,"column":0},"end":{"line":7,"column":38}},"7":{"start":{"line":9,"column":0},"end":{"line":9,"column":56}},"8":{"start":{"line":10,"column":0},"end":{"line":10,"column":51}},"9":{"start":{"line":12,"column":12},"end":{"line":12,"column":21}},"10":{"start":{"line":14,"column":0},"end":{"line":14,"column":26}},"11":{"start":{"line":16,"column":0},"end":{"line":19,"column":4}},"12":{"start":{"line":21,"column":0},"end":{"line":21,"column":50}},"13":{"start":{"line":23,"column":0},"end":{"line":26,"column":4}},"14":{"start":{"line":28,"column":0},"end":{"line":28,"column":23}},"15":{"start":{"line":29,"column":0},"end":{"line":29,"column":24}},"16":{"start":{"line":30,"column":0},"end":{"line":30,"column":23}},"17":{"start":{"line":32,"column":0},"end":{"line":32,"column":29}},"18":{"start":{"line":34,"column":0},"end":{"line":36,"column":3}},"19":{"start":{"line":35,"column":2},"end":{"line":35,"column":41}},"20":{"start":{"line":38,"column":0},"end":{"line":38,"column":22}},"21":{"start":{"line":40,"column":0},"end":{"line":40,"column":19}}},"fnMap":{"0":{"name":"(anonymous_1)","decl":{"start":{"line":34,"column":19},"end":{"line":34,"column":20}},"loc":{"start":{"line":34,"column":32},"end":{"line":36,"column":1}}}},"branchMap":{},"s":{"0":4,"1":4,"2":4,"3":4,"4":4,"5":4,"6":4,"7":4,"8":4,"9":4,"10":4,"11":4,"12":4,"13":4,"14":4,"15":4,"16":4,"17":4,"18":4,"19":0,"20":4,"21":4},"f":{"0":0},"b":{}}
,"C:\\Users\\andreson.vaz\\Documents\\ANDRESON GLIN\\INDT\\8 - TESTE\\PROJETO FINAL\\projeto-typescript-aula\\src\\config\\jwt.config.ts": {"path":"C:\\Users\\andreson.vaz\\Documents\\ANDRESON GLIN\\INDT\\8 - TESTE\\PROJETO FINAL\\projeto-typescript-aula\\src\\config\\jwt.config.ts","statementMap":{"0":{"start":{"line":1,"column":0},"end":{"line":1,"column":28}},"1":{"start":{"line":4,"column":0},"end":{"line":4,"column":16}},"2":{"start":{"line":18,"column":16},"end":{"line":18,"column":33}},"3":{"start":{"line":19,"column":2},"end":{"line":21,"column":3}},"4":{"start":{"line":20,"column":4},"end":{"line":20,"column":65}},"5":{"start":{"line":22,"column":2},"end":{"line":22,"column":15}},"6":{"start":{"line":25,"column":13},"end":{"line":34,"column":2}}},"fnMap":{"0":{"name":"getEnvOrThrow","decl":{"start":{"line":17,"column":9},"end":{"line":17,"column":22}},"loc":{"start":{"line":17,"column":35},"end":{"line":23,"column":1}}}},"branchMap":{"0":{"loc":{"start":{"line":19,"column":2},"end":{"line":21,"column":3}},"type":"if","locations":[{"start":{"line":19,"column":2},"end":{"line":21,"column":3}},{"start":{},"end":{}}]}},"s":{"0":6,"1":6,"2":24,"3":24,"4":0,"5":24,"6":6},"f":{"0":24},"b":{"0":[0,24]}}
,"C:\\Users\\andreson.vaz\\Documents\\ANDRESON GLIN\\INDT\\8 - TESTE\\PROJETO FINAL\\projeto-typescript-aula\\src\\controllers\\AreaController.ts": {"path":"C:\\Users\\andreson.vaz\\Documents\\ANDRESON GLIN\\INDT\\8 - TESTE\\PROJETO FINAL\\projeto-typescript-aula\\src\\controllers\\AreaController.ts","statementMap":{"0":{"start":{"line":8,"column":8},"end":{"line":8,"column":39}},"1":{"start":{"line":12,"column":22},"end":{"line":12,"column":54}},"2":{"start":{"line":13,"column":8},"end":{"line":13,"column":36}},"3":{"start":{"line":17,"column":23},"end":{"line":17,"column":33}},"4":{"start":{"line":18,"column":21},"end":{"line":18,"column":66}},"5":{"start":{"line":19,"column":8},"end":{"line":19,"column":35}},"6":{"start":{"line":23,"column":23},"end":{"line":23,"column":33}},"7":{"start":{"line":24,"column":25},"end":{"line":24,"column":80}},"8":{"start":{"line":26,"column":8},"end":{"line":26,"column":39}},"9":{"start":{"line":30,"column":21},"end":{"line":30,"column":60}},"10":{"start":{"line":31,"column":8},"end":{"line":31,"column":35}},"11":{"start":{"line":35,"column":23},"end":{"line":35,"column":33}},"12":{"start":{"line":36,"column":21},"end":{"line":36,"column":74}},"13":{"start":{"line":37,"column":8},"end":{"line":37,"column":35}},"14":{"start":{"line":41,"column":23},"end":{"line":41,"column":33}},"15":{"start":{"line":42,"column":8},"end":{"line":42,"column":52}},"16":{"start":{"line":43,"column":8},"end":{"line":43,"column":31}},"17":{"start":{"line":48,"column":23},"end":{"line":48,"column":33}},"18":{"start":{"line":49,"column":23},"end":{"line":49,"column":79}},"19":{"start":{"line":50,"column":8},"end":{"line":50,"column":null}},"20":{"start":{"line":4,"column":0},"end":{"line":4,"column":21}}},"fnMap":{"0":{"name":"(anonymous_0)","decl":{"start":{"line":7,"column":4},"end":{"line":7,"column":16}},"loc":{"start":{"line":7,"column":40},"end":{"line":9,"column":5}}},"1":{"name":"(anonymous_1)","decl":{"start":{"line":11,"column":11},"end":{"line":11,"column":16}},"loc":{"start":{"line":11,"column":52},"end":{"line":14,"column":5}}},"2":{"name":"(anonymous_2)","decl":{"start":{"line":16,"column":11},"end":{"line":16,"column":16}},"loc":{"start":{"line":16,"column":53},"end":{"line":20,"column":5}}},"3":{"name":"(anonymous_3)","decl":{"start":{"line":22,"column":11},"end":{"line":22,"column":16}},"loc":{"start":{"line":22,"column":56},"end":{"line":27,"column":5}}},"4":{"name":"(anonymous_4)","decl":{"start":{"line":29,"column":11},"end":{"line":29,"column":16}},"loc":{"start":{"line":29,"column":51},"end":{"line":32,"column":5}}},"5":{"name":"(anonymous_5)","decl":{"start":{"line":34,"column":11},"end":{"line":34,"column":16}},"loc":{"start":{"line":34,"column":51},"end":{"line":38,"column":5}}},"6":{"name":"(anonymous_6)","decl":{"start":{"line":40,"column":11},"end":{"line":40,"column":16}},"loc":{"start":{"line":40,"column":51},"end":{"line":44,"column":5}}},"7":{"name":"(anonymous_7)","decl":{"start":{"line":46,"column":11},"end":{"line":46,"column":16}},"loc":{"start":{"line":46,"column":59},"end":{"line":52,"column":5}}}},"branchMap":{},"s":{"0":4,"1":1,"2":1,"3":2,"4":2,"5":1,"6":0,"7":0,"8":0,"9":19,"10":19,"11":2,"12":2,"13":1,"14":1,"15":1,"16":0,"17":0,"18":0,"19":0,"20":4},"f":{"0":4,"1":1,"2":2,"3":0,"4":19,"5":2,"6":1,"7":0},"b":{}}
,"C:\\Users\\andreson.vaz\\Documents\\ANDRESON GLIN\\INDT\\8 - TESTE\\PROJETO FINAL\\projeto-typescript-aula\\src\\controllers\\AuthController.ts": {"path":"C:\\Users\\andreson.vaz\\Documents\\ANDRESON GLIN\\INDT\\8 - TESTE\\PROJETO FINAL\\projeto-typescript-aula\\src\\controllers\\AuthController.ts","statementMap":{"0":{"start":{"line":13,"column":8},"end":{"line":13,"column":38}},"1":{"start":{"line":14,"column":8},"end":{"line":14,"column":43}},"2":{"start":{"line":15,"column":8},"end":{"line":15,"column":45}},"3":{"start":{"line":19,"column":26},"end":{"line":19,"column":64}},"4":{"start":{"line":20,"column":19},"end":{"line":20,"column":25}},"5":{"start":{"line":21,"column":32},"end":{"line":21,"column":40}},"6":{"start":{"line":23,"column":23},"end":{"line":23,"column":89}},"7":{"start":{"line":24,"column":8},"end":{"line":24,"column":null}},"8":{"start":{"line":29,"column":33},"end":{"line":29,"column":41}},"9":{"start":{"line":30,"column":26},"end":{"line":30,"column":64}},"10":{"start":{"line":31,"column":19},"end":{"line":31,"column":35}},"11":{"start":{"line":33,"column":23},"end":{"line":33,"column":85}},"12":{"start":{"line":34,"column":8},"end":{"line":34,"column":null}},"13":{"start":{"line":39,"column":33},"end":{"line":39,"column":41}},"14":{"start":{"line":40,"column":8},"end":{"line":40,"column":54}},"15":{"start":{"line":41,"column":8},"end":{"line":41,"column":null}},"16":{"start":{"line":6,"column":0},"end":{"line":6,"column":21}}},"fnMap":{"0":{"name":"(anonymous_0)","decl":{"start":{"line":12,"column":4},"end":{"line":12,"column":16}},"loc":{"start":{"line":12,"column":107},"end":{"line":16,"column":5}}},"1":{"name":"(anonymous_1)","decl":{"start":{"line":18,"column":4},"end":{"line":18,"column":9}},"loc":{"start":{"line":18,"column":43},"end":{"line":26,"column":5}}},"2":{"name":"(anonymous_2)","decl":{"start":{"line":28,"column":4},"end":{"line":28,"column":9}},"loc":{"start":{"line":28,"column":50},"end":{"line":36,"column":5}}},"3":{"name":"(anonymous_3)","decl":{"start":{"line":38,"column":4},"end":{"line":38,"column":9}},"loc":{"start":{"line":38,"column":44},"end":{"line":42,"column":5}}}},"branchMap":{"0":{"loc":{"start":{"line":19,"column":26},"end":{"line":19,"column":64}},"type":"binary-expr","locations":[{"start":{"line":19,"column":26},"end":{"line":19,"column":51}},{"start":{"line":19,"column":55},"end":{"line":19,"column":64}}]},"1":{"loc":{"start":{"line":30,"column":26},"end":{"line":30,"column":64}},"type":"binary-expr","locations":[{"start":{"line":30,"column":26},"end":{"line":30,"column":51}},{"start":{"line":30,"column":55},"end":{"line":30,"column":64}}]}},"s":{"0":4,"1":4,"2":4,"3":0,"4":0,"5":0,"6":0,"7":0,"8":0,"9":0,"10":0,"11":0,"12":0,"13":0,"14":0,"15":0,"16":4},"f":{"0":4,"1":0,"2":0,"3":0},"b":{"0":[0,0],"1":[0,0]}}
,"C:\\Users\\andreson.vaz\\Documents\\ANDRESON GLIN\\INDT\\8 - TESTE\\PROJETO FINAL\\projeto-typescript-aula\\src\\controllers\\LeituraController.ts": {"path":"C:\\Users\\andreson.vaz\\Documents\\ANDRESON GLIN\\INDT\\8 - TESTE\\PROJETO FINAL\\projeto-typescript-aula\\src\\controllers\\LeituraController.ts","statementMap":{"0":{"start":{"line":8,"column":8},"end":{"line":8,"column":45}},"1":{"start":{"line":12,"column":25},"end":{"line":12,"column":60}},"2":{"start":{"line":13,"column":8},"end":{"line":13,"column":39}},"3":{"start":{"line":17,"column":23},"end":{"line":17,"column":33}},"4":{"start":{"line":18,"column":24},"end":{"line":18,"column":72}},"5":{"start":{"line":19,"column":8},"end":{"line":19,"column":38}},"6":{"start":{"line":23,"column":21},"end":{"line":23,"column":29}},"7":{"start":{"line":24,"column":24},"end":{"line":24,"column":62}},"8":{"start":{"line":25,"column":8},"end":{"line":25,"column":38}},"9":{"start":{"line":29,"column":23},"end":{"line":29,"column":33}},"10":{"start":{"line":30,"column":21},"end":{"line":30,"column":29}},"11":{"start":{"line":31,"column":24},"end":{"line":31,"column":76}},"12":{"start":{"line":32,"column":8},"end":{"line":32,"column":38}},"13":{"start":{"line":36,"column":23},"end":{"line":36,"column":33}},"14":{"start":{"line":37,"column":8},"end":{"line":37,"column":55}},"15":{"start":{"line":38,"column":8},"end":{"line":38,"column":61}},"16":{"start":{"line":45,"column":27},"end":{"line":45,"column":37}},"17":{"start":{"line":46,"column":22},"end":{"line":46,"column":51}},"18":{"start":{"line":48,"column":25},"end":{"line":48,"column":90}},"19":{"start":{"line":50,"column":8},"end":{"line":50,"column":34}},"20":{"start":{"line":4,"column":0},"end":{"line":4,"column":21}}},"fnMap":{"0":{"name":"(anonymous_0)","decl":{"start":{"line":7,"column":4},"end":{"line":7,"column":16}},"loc":{"start":{"line":7,"column":46},"end":{"line":9,"column":5}}},"1":{"name":"(anonymous_1)","decl":{"start":{"line":11,"column":11},"end":{"line":11,"column":16}},"loc":{"start":{"line":11,"column":52},"end":{"line":14,"column":5}}},"2":{"name":"(anonymous_2)","decl":{"start":{"line":16,"column":11},"end":{"line":16,"column":16}},"loc":{"start":{"line":16,"column":53},"end":{"line":20,"column":5}}},"3":{"name":"(anonymous_3)","decl":{"start":{"line":22,"column":11},"end":{"line":22,"column":16}},"loc":{"start":{"line":22,"column":51},"end":{"line":26,"column":5}}},"4":{"name":"(anonymous_4)","decl":{"start":{"line":28,"column":11},"end":{"line":28,"column":16}},"loc":{"start":{"line":28,"column":51},"end":{"line":33,"column":5}}},"5":{"name":"(anonymous_5)","decl":{"start":{"line":35,"column":11},"end":{"line":35,"column":16}},"loc":{"start":{"line":35,"column":51},"end":{"line":39,"column":5}}},"6":{"name":"(anonymous_6)","decl":{"start":{"line":41,"column":11},"end":{"line":41,"column":16}},"loc":{"start":{"line":43,"column":21},"end":{"line":51,"column":5}}}},"branchMap":{"0":{"loc":{"start":{"line":46,"column":29},"end":{"line":46,"column":50}},"type":"binary-expr","locations":[{"start":{"line":46,"column":29},"end":{"line":46,"column":44}},{"start":{"line":46,"column":48},"end":{"line":46,"column":50}}]}},"s":{"0":4,"1":1,"2":1,"3":2,"4":2,"5":0,"6":6,"7":6,"8":2,"9":2,"10":2,"11":2,"12":1,"13":2,"14":2,"15":1,"16":0,"17":0,"18":0,"19":0,"20":4},"f":{"0":4,"1":1,"2":2,"3":6,"4":2,"5":2,"6":0},"b":{"0":[0,0]}}
,"C:\\Users\\andreson.vaz\\Documents\\ANDRESON GLIN\\INDT\\8 - TESTE\\PROJETO FINAL\\projeto-typescript-aula\\src\\controllers\\PesquisadorController.ts": {"path":"C:\\Users\\andreson.vaz\\Documents\\ANDRESON GLIN\\INDT\\8 - TESTE\\PROJETO FINAL\\projeto-typescript-aula\\src\\controllers\\PesquisadorController.ts","statementMap":{"0":{"start":{"line":9,"column":8},"end":{"line":9,"column":53}},"1":{"start":{"line":13,"column":30},"end":{"line":13,"column":69}},"2":{"start":{"line":14,"column":8},"end":{"line":14,"column":44}},"3":{"start":{"line":18,"column":23},"end":{"line":18,"column":33}},"4":{"start":{"line":19,"column":28},"end":{"line":19,"column":80}},"5":{"start":{"line":20,"column":8},"end":{"line":20,"column":42}},"6":{"start":{"line":24,"column":21},"end":{"line":24,"column":29}},"7":{"start":{"line":25,"column":28},"end":{"line":25,"column":70}},"8":{"start":{"line":26,"column":8},"end":{"line":26,"column":42}},"9":{"start":{"line":30,"column":23},"end":{"line":30,"column":33}},"10":{"start":{"line":31,"column":21},"end":{"line":31,"column":29}},"11":{"start":{"line":32,"column":28},"end":{"line":32,"column":84}},"12":{"start":{"line":33,"column":8},"end":{"line":33,"column":42}},"13":{"start":{"line":37,"column":23},"end":{"line":37,"column":33}},"14":{"start":{"line":38,"column":8},"end":{"line":38,"column":59}},"15":{"start":{"line":39,"column":8},"end":{"line":39,"column":65}},"16":{"start":{"line":4,"column":0},"end":{"line":4,"column":21}}},"fnMap":{"0":{"name":"(anonymous_0)","decl":{"start":{"line":8,"column":4},"end":{"line":8,"column":16}},"loc":{"start":{"line":8,"column":54},"end":{"line":10,"column":5}}},"1":{"name":"(anonymous_1)","decl":{"start":{"line":12,"column":11},"end":{"line":12,"column":16}},"loc":{"start":{"line":12,"column":52},"end":{"line":15,"column":5}}},"2":{"name":"(anonymous_2)","decl":{"start":{"line":17,"column":11},"end":{"line":17,"column":16}},"loc":{"start":{"line":17,"column":53},"end":{"line":21,"column":5}}},"3":{"name":"(anonymous_3)","decl":{"start":{"line":23,"column":11},"end":{"line":23,"column":16}},"loc":{"start":{"line":23,"column":51},"end":{"line":27,"column":5}}},"4":{"name":"(anonymous_4)","decl":{"start":{"line":29,"column":11},"end":{"line":29,"column":16}},"loc":{"start":{"line":29,"column":51},"end":{"line":34,"column":5}}},"5":{"name":"(anonymous_5)","decl":{"start":{"line":36,"column":11},"end":{"line":36,"column":16}},"loc":{"start":{"line":36,"column":51},"end":{"line":40,"column":5}}}},"branchMap":{},"s":{"0":4,"1":1,"2":1,"3":2,"4":2,"5":1,"6":7,"7":7,"8":6,"9":2,"10":2,"11":2,"12":1,"13":2,"14":2,"15":1,"16":4},"f":{"0":4,"1":1,"2":2,"3":7,"4":2,"5":2},"b":{}}
,"C:\\Users\\andreson.vaz\\Documents\\ANDRESON GLIN\\INDT\\8 - TESTE\\PROJETO FINAL\\projeto-typescript-aula\\src\\controllers\\SensorController.ts": {"path":"C:\\Users\\andreson.vaz\\Documents\\ANDRESON GLIN\\INDT\\8 - TESTE\\PROJETO FINAL\\projeto-typescript-aula\\src\\controllers\\SensorController.ts","statementMap":{"0":{"start":{"line":8,"column":8},"end":{"line":8,"column":43}},"1":{"start":{"line":12,"column":24},"end":{"line":12,"column":64}},"2":{"start":{"line":13,"column":8},"end":{"line":13,"column":38}},"3":{"start":{"line":17,"column":23},"end":{"line":17,"column":67}},"4":{"start":{"line":18,"column":8},"end":{"line":18,"column":37}},"5":{"start":{"line":22,"column":23},"end":{"line":22,"column":33}},"6":{"start":{"line":23,"column":23},"end":{"line":23,"column":84}},"7":{"start":{"line":24,"column":8},"end":{"line":24,"column":37}},"8":{"start":{"line":28,"column":23},"end":{"line":28,"column":33}},"9":{"start":{"line":29,"column":8},"end":{"line":29,"column":60}},"10":{"start":{"line":30,"column":8},"end":{"line":30,"column":31}},"11":{"start":{"line":4,"column":0},"end":{"line":4,"column":21}}},"fnMap":{"0":{"name":"(anonymous_0)","decl":{"start":{"line":7,"column":4},"end":{"line":7,"column":16}},"loc":{"start":{"line":7,"column":44},"end":{"line":9,"column":5}}},"1":{"name":"(anonymous_1)","decl":{"start":{"line":11,"column":11},"end":{"line":11,"column":16}},"loc":{"start":{"line":11,"column":58},"end":{"line":14,"column":5}}},"2":{"name":"(anonymous_2)","decl":{"start":{"line":16,"column":11},"end":{"line":16,"column":16}},"loc":{"start":{"line":16,"column":54},"end":{"line":19,"column":5}}},"3":{"name":"(anonymous_3)","decl":{"start":{"line":21,"column":11},"end":{"line":21,"column":16}},"loc":{"start":{"line":21,"column":57},"end":{"line":25,"column":5}}},"4":{"name":"(anonymous_4)","decl":{"start":{"line":27,"column":11},"end":{"line":27,"column":16}},"loc":{"start":{"line":27,"column":57},"end":{"line":31,"column":5}}}},"branchMap":{},"s":{"0":4,"1":1,"2":1,"3":15,"4":8,"5":1,"6":1,"7":0,"8":2,"9":2,"10":1,"11":4},"f":{"0":4,"1":1,"2":15,"3":1,"4":2},"b":{}}
,"C:\\Users\\andreson.vaz\\Documents\\ANDRESON GLIN\\INDT\\8 - TESTE\\PROJETO FINAL\\projeto-typescript-aula\\src\\database\\appDataSource.ts": {"path":"C:\\Users\\andreson.vaz\\Documents\\ANDRESON GLIN\\INDT\\8 - TESTE\\PROJETO FINAL\\projeto-typescript-aula\\src\\database\\appDataSource.ts","statementMap":{"0":{"start":{"line":1,"column":0},"end":{"line":1,"column":37}},"1":{"start":{"line":2,"column":0},"end":{"line":2,"column":27}},"2":{"start":{"line":3,"column":0},"end":{"line":3,"column":53}},"3":{"start":{"line":4,"column":0},"end":{"line":4,"column":55}},"4":{"start":{"line":5,"column":0},"end":{"line":5,"column":39}},"5":{"start":{"line":6,"column":0},"end":{"line":6,"column":47}},"6":{"start":{"line":7,"column":0},"end":{"line":7,"column":45}},"7":{"start":{"line":9,"column":0},"end":{"line":9,"column":null}},"8":{"start":{"line":11,"column":13},"end":{"line":23,"column":3}}},"fnMap":{},"branchMap":{},"s":{"0":4,"1":4,"2":4,"3":4,"4":4,"5":4,"6":4,"7":4,"8":4},"f":{},"b":{}}
,"C:\\Users\\andreson.vaz\\Documents\\ANDRESON GLIN\\INDT\\8 - TESTE\\PROJETO FINAL\\projeto-typescript-aula\\src\\entities\\Area.ts": {"path":"C:\\Users\\andreson.vaz\\Documents\\ANDRESON GLIN\\INDT\\8 - TESTE\\PROJETO FINAL\\projeto-typescript-aula\\src\\entities\\Area.ts","statementMap":{"0":{"start":{"line":1,"column":0},"end":{"line":1,"column":91}},"1":{"start":{"line":2,"column":0},"end":{"line":2,"column":37}},"2":{"start":{"line":6,"column":15},"end":{"line":38,"column":null}},"3":{"start":{"line":8,"column":4},"end":{"line":8,"column":null}},"4":{"start":{"line":11,"column":4},"end":{"line":11,"column":null}},"5":{"start":{"line":14,"column":4},"end":{"line":14,"column":null}},"6":{"start":{"line":17,"column":4},"end":{"line":17,"column":null}},"7":{"start":{"line":20,"column":4},"end":{"line":20,"column":null}},"8":{"start":{"line":23,"column":4},"end":{"line":23,"column":null}},"9":{"start":{"line":26,"column":4},"end":{"line":26,"column":null}},"10":{"start":{"line":29,"column":4},"end":{"line":29,"column":null}},"11":{"start":{"line":32,"column":4},"end":{"line":32,"column":null}},"12":{"start":{"line":36,"column":4},"end":{"line":36,"column":null}},"13":{"start":{"line":35,"column":21},"end":{"line":35,"column":27}},"14":{"start":{"line":35,"column":41},"end":{"line":35,"column":52}},"15":{"start":{"line":6,"column":21},"end":{"line":38,"column":null}},"16":{"start":{"line":6,"column":21},"end":{"line":6,"column":null}}},"fnMap":{"0":{"name":"(anonymous_2)","decl":{"start":{"line":35,"column":15},"end":{"line":35,"column":18}},"loc":{"start":{"line":35,"column":21},"end":{"line":35,"column":27}}},"1":{"name":"(anonymous_3)","decl":{"start":{"line":35,"column":29},"end":{"line":35,"column":30}},"loc":{"start":{"line":35,"column":41},"end":{"line":35,"column":52}}}},"branchMap":{},"s":{"0":7,"1":7,"2":7,"3":7,"4":7,"5":7,"6":7,"7":7,"8":7,"9":7,"10":7,"11":7,"12":7,"13":4,"14":4,"15":7,"16":7},"f":{"0":4,"1":4},"b":{}}
,"C:\\Users\\andreson.vaz\\Documents\\ANDRESON GLIN\\INDT\\8 - TESTE\\PROJETO FINAL\\projeto-typescript-aula\\src\\entities\\Leitura.ts": {"path":"C:\\Users\\andreson.vaz\\Documents\\ANDRESON GLIN\\INDT\\8 - TESTE\\PROJETO FINAL\\projeto-typescript-aula\\src\\entities\\Leitura.ts","statementMap":{"0":{"start":{"line":1,"column":0},"end":{"line":1,"column":103}},"1":{"start":{"line":2,"column":0},"end":{"line":2,"column":37}},"2":{"start":{"line":5,"column":15},"end":{"line":22,"column":null}},"3":{"start":{"line":7,"column":4},"end":{"line":7,"column":null}},"4":{"start":{"line":10,"column":4},"end":{"line":10,"column":null}},"5":{"start":{"line":13,"column":4},"end":{"line":13,"column":null}},"6":{"start":{"line":16,"column":4},"end":{"line":16,"column":null}},"7":{"start":{"line":20,"column":4},"end":{"line":20,"column":null}},"8":{"start":{"line":18,"column":21},"end":{"line":18,"column":27}},"9":{"start":{"line":18,"column":41},"end":{"line":18,"column":56}},"10":{"start":{"line":5,"column":21},"end":{"line":22,"column":null}},"11":{"start":{"line":5,"column":21},"end":{"line":5,"column":null}}},"fnMap":{"0":{"name":"(anonymous_2)","decl":{"start":{"line":18,"column":15},"end":{"line":18,"column":18}},"loc":{"start":{"line":18,"column":21},"end":{"line":18,"column":27}}},"1":{"name":"(anonymous_3)","decl":{"start":{"line":18,"column":29},"end":{"line":18,"column":30}},"loc":{"start":{"line":18,"column":41},"end":{"line":18,"column":56}}}},"branchMap":{"0":{"loc":{"start":{"line":16,"column":15},"end":{"line":16,"column":20}},"type":"cond-expr","locations":[{"start":{"line":16,"column":19},"end":{"line":16,"column":20}},{"start":{"line":16,"column":19},"end":{"line":16,"column":20}}]},"1":{"loc":{"start":{"line":16,"column":15},"end":{"line":16,"column":19}},"type":"binary-expr","locations":[{"start":{"line":16,"column":15},"end":{"line":16,"column":20}},{"start":{"line":16,"column":15},"end":{"line":16,"column":19}}]}},"s":{"0":7,"1":7,"2":7,"3":7,"4":7,"5":7,"6":7,"7":7,"8":4,"9":4,"10":7,"11":7},"f":{"0":4,"1":4},"b":{"0":[7,0],"1":[7,7]}}
,"C:\\Users\\andreson.vaz\\Documents\\ANDRESON GLIN\\INDT\\8 - TESTE\\PROJETO FINAL\\projeto-typescript-aula\\src\\entities\\Pesquisador.ts": {"path":"C:\\Users\\andreson.vaz\\Documents\\ANDRESON GLIN\\INDT\\8 - TESTE\\PROJETO FINAL\\projeto-typescript-aula\\src\\entities\\Pesquisador.ts","statementMap":{"0":{"start":{"line":1,"column":0},"end":{"line":1,"column":65}},"1":{"start":{"line":4,"column":15},"end":{"line":33,"column":null}},"2":{"start":{"line":7,"column":4},"end":{"line":7,"column":null}},"3":{"start":{"line":10,"column":4},"end":{"line":10,"column":null}},"4":{"start":{"line":13,"column":4},"end":{"line":13,"column":null}},"5":{"start":{"line":16,"column":4},"end":{"line":16,"column":null}},"6":{"start":{"line":19,"column":4},"end":{"line":19,"column":null}},"7":{"start":{"line":22,"column":4},"end":{"line":22,"column":null}},"8":{"start":{"line":25,"column":4},"end":{"line":25,"column":null}},"9":{"start":{"line":28,"column":4},"end":{"line":28,"column":null}},"10":{"start":{"line":31,"column":4},"end":{"line":31,"column":null}},"11":{"start":{"line":4,"column":21},"end":{"line":33,"column":null}},"12":{"start":{"line":4,"column":21},"end":{"line":4,"column":null}}},"fnMap":{},"branchMap":{"0":{"loc":{"start":{"line":31,"column":21},"end":{"line":31,"column":26}},"type":"cond-expr","locations":[{"start":{"line":31,"column":25},"end":{"line":31,"column":26}},{"start":{"line":31,"column":25},"end":{"line":31,"column":26}}]},"1":{"loc":{"start":{"line":31,"column":21},"end":{"line":31,"column":25}},"type":"binary-expr","locations":[{"start":{"line":31,"column":21},"end":{"line":31,"column":26}},{"start":{"line":31,"column":21},"end":{"line":31,"column":25}}]}},"s":{"0":7,"1":7,"2":7,"3":7,"4":7,"5":7,"6":7,"7":7,"8":7,"9":7,"10":7,"11":7,"12":7},"f":{},"b":{"0":[7,0],"1":[7,7]}}
,"C:\\Users\\andreson.vaz\\Documents\\ANDRESON GLIN\\INDT\\8 - TESTE\\PROJETO FINAL\\projeto-typescript-aula\\src\\entities\\RefreshToken.ts": {"path":"C:\\Users\\andreson.vaz\\Documents\\ANDRESON GLIN\\INDT\\8 - TESTE\\PROJETO FINAL\\projeto-typescript-aula\\src\\entities\\RefreshToken.ts","statementMap":{"0":{"start":{"line":1,"column":0},"end":{"line":1,"column":109}},"1":{"start":{"line":2,"column":0},"end":{"line":2,"column":43}},"2":{"start":{"line":5,"column":15},"end":{"line":37,"column":null}},"3":{"start":{"line":8,"column":4},"end":{"line":8,"column":null}},"4":{"start":{"line":11,"column":4},"end":{"line":11,"column":null}},"5":{"start":{"line":14,"column":4},"end":{"line":14,"column":null}},"6":{"start":{"line":17,"column":4},"end":{"line":17,"column":null}},"7":{"start":{"line":20,"column":4},"end":{"line":20,"column":null}},"8":{"start":{"line":23,"column":4},"end":{"line":23,"column":null}},"9":{"start":{"line":26,"column":4},"end":{"line":26,"column":null}},"10":{"start":{"line":29,"column":4},"end":{"line":29,"column":null}},"11":{"start":{"line":32,"column":4},"end":{"line":32,"column":null}},"12":{"start":{"line":31,"column":21},"end":{"line":31,"column":32}},"13":{"start":{"line":35,"column":4},"end":{"line":35,"column":null}},"14":{"start":{"line":5,"column":21},"end":{"line":37,"column":null}},"15":{"start":{"line":5,"column":21},"end":{"line":5,"column":null}}},"fnMap":{"0":{"name":"(anonymous_3)","decl":{"start":{"line":31,"column":15},"end":{"line":31,"column":18}},"loc":{"start":{"line":31,"column":21},"end":{"line":31,"column":32}}}},"branchMap":{"0":{"loc":{"start":{"line":26,"column":14},"end":{"line":26,"column":19}},"type":"cond-expr","locations":[{"start":{"line":26,"column":18},"end":{"line":26,"column":19}},{"start":{"line":26,"column":18},"end":{"line":26,"column":19}}]},"1":{"loc":{"start":{"line":26,"column":14},"end":{"line":26,"column":18}},"type":"binary-expr","locations":[{"start":{"line":26,"column":14},"end":{"line":26,"column":19}},{"start":{"line":26,"column":14},"end":{"line":26,"column":18}}]},"2":{"loc":{"start":{"line":35,"column":14},"end":{"line":35,"column":19}},"type":"cond-expr","locations":[{"start":{"line":35,"column":18},"end":{"line":35,"column":19}},{"start":{"line":35,"column":18},"end":{"line":35,"column":19}}]},"3":{"loc":{"start":{"line":35,"column":14},"end":{"line":35,"column":18}},"type":"binary-expr","locations":[{"start":{"line":35,"column":14},"end":{"line":35,"column":19}},{"start":{"line":35,"column":14},"end":{"line":35,"column":18}}]}},"s":{"0":6,"1":6,"2":6,"3":6,"4":6,"5":6,"6":6,"7":6,"8":6,"9":6,"10":6,"11":6,"12":4,"13":6,"14":6,"15":6},"f":{"0":4},"b":{"0":[6,0],"1":[6,6],"2":[6,0],"3":[6,6]}}
,"C:\\Users\\andreson.vaz\\Documents\\ANDRESON GLIN\\INDT\\8 - TESTE\\PROJETO FINAL\\projeto-typescript-aula\\src\\entities\\Sensor.ts": {"path":"C:\\Users\\andreson.vaz\\Documents\\ANDRESON GLIN\\INDT\\8 - TESTE\\PROJETO FINAL\\projeto-typescript-aula\\src\\entities\\Sensor.ts","statementMap":{"0":{"start":{"line":1,"column":0},"end":{"line":1,"column":114}},"1":{"start":{"line":2,"column":0},"end":{"line":2,"column":29}},"2":{"start":{"line":3,"column":0},"end":{"line":3,"column":35}},"3":{"start":{"line":6,"column":7},"end":{"line":52,"column":null}},"4":{"start":{"line":6,"column":13},"end":{"line":6,"column":19}},"5":{"start":{"line":8,"column":4},"end":{"line":8,"column":null}},"6":{"start":{"line":11,"column":4},"end":{"line":11,"column":null}},"7":{"start":{"line":14,"column":4},"end":{"line":14,"column":null}},"8":{"start":{"line":17,"column":4},"end":{"line":17,"column":null}},"9":{"start":{"line":20,"column":4},"end":{"line":20,"column":null}},"10":{"start":{"line":23,"column":4},"end":{"line":23,"column":21}},"11":{"start":{"line":26,"column":4},"end":{"line":26,"column":null}},"12":{"start":{"line":29,"column":4},"end":{"line":29,"column":null}},"13":{"start":{"line":32,"column":4},"end":{"line":32,"column":null}},"14":{"start":{"line":35,"column":4},"end":{"line":35,"column":null}},"15":{"start":{"line":38,"column":4},"end":{"line":38,"column":null}},"16":{"start":{"line":41,"column":4},"end":{"line":41,"column":null}},"17":{"start":{"line":45,"column":4},"end":{"line":45,"column":null}},"18":{"start":{"line":43,"column":21},"end":{"line":43,"column":25}},"19":{"start":{"line":43,"column":37},"end":{"line":43,"column":50}},"20":{"start":{"line":48,"column":4},"end":{"line":48,"column":null}},"21":{"start":{"line":47,"column":21},"end":{"line":47,"column":28}},"22":{"start":{"line":47,"column":43},"end":{"line":47,"column":57}},"23":{"start":{"line":51,"column":4},"end":{"line":51,"column":null}},"24":{"start":{"line":6,"column":13},"end":{"line":52,"column":null}}},"fnMap":{"0":{"name":"(anonymous_3)","decl":{"start":{"line":43,"column":15},"end":{"line":43,"column":18}},"loc":{"start":{"line":43,"column":21},"end":{"line":43,"column":25}}},"1":{"name":"(anonymous_4)","decl":{"start":{"line":43,"column":27},"end":{"line":43,"column":28}},"loc":{"start":{"line":43,"column":37},"end":{"line":43,"column":50}}},"2":{"name":"(anonymous_5)","decl":{"start":{"line":47,"column":15},"end":{"line":47,"column":18}},"loc":{"start":{"line":47,"column":21},"end":{"line":47,"column":28}}},"3":{"name":"(anonymous_6)","decl":{"start":{"line":47,"column":30},"end":{"line":47,"column":31}},"loc":{"start":{"line":47,"column":43},"end":{"line":47,"column":57}}}},"branchMap":{"0":{"loc":{"start":{"line":29,"column":21},"end":{"line":29,"column":26}},"type":"cond-expr","locations":[{"start":{"line":29,"column":25},"end":{"line":29,"column":26}},{"start":{"line":29,"column":25},"end":{"line":29,"column":26}}]},"1":{"loc":{"start":{"line":29,"column":21},"end":{"line":29,"column":25}},"type":"binary-expr","locations":[{"start":{"line":29,"column":21},"end":{"line":29,"column":26}},{"start":{"line":29,"column":21},"end":{"line":29,"column":25}}]},"2":{"loc":{"start":{"line":32,"column":21},"end":{"line":32,"column":26}},"type":"cond-expr","locations":[{"start":{"line":32,"column":25},"end":{"line":32,"column":26}},{"start":{"line":32,"column":25},"end":{"line":32,"column":26}}]},"3":{"loc":{"start":{"line":32,"column":21},"end":{"line":32,"column":25}},"type":"binary-expr","locations":[{"start":{"line":32,"column":21},"end":{"line":32,"column":26}},{"start":{"line":32,"column":21},"end":{"line":32,"column":25}}]}},"s":{"0":7,"1":7,"2":7,"3":7,"4":7,"5":7,"6":7,"7":7,"8":7,"9":7,"10":7,"11":7,"12":7,"13":7,"14":7,"15":7,"16":7,"17":7,"18":4,"19":4,"20":7,"21":4,"22":4,"23":7,"24":7},"f":{"0":4,"1":4,"2":4,"3":4},"b":{"0":[7,0],"1":[7,7],"2":[7,0],"3":[7,7]}}
,"C:\\Users\\andreson.vaz\\Documents\\ANDRESON GLIN\\INDT\\8 - TESTE\\PROJETO FINAL\\projeto-typescript-aula\\src\\errors\\AppError.ts": {"path":"C:\\Users\\andreson.vaz\\Documents\\ANDRESON GLIN\\INDT\\8 - TESTE\\PROJETO FINAL\\projeto-typescript-aula\\src\\errors\\AppError.ts","statementMap":{"0":{"start":{"line":6,"column":8},"end":{"line":6,"column":16}},"1":{"start":{"line":7,"column":8},"end":{"line":7,"column":33}},"2":{"start":{"line":8,"column":8},"end":{"line":8,"column":31}},"3":{"start":{"line":1,"column":0},"end":{"line":1,"column":13}}},"fnMap":{"0":{"name":"(anonymous_0)","decl":{"start":{"line":5,"column":4},"end":{"line":5,"column":16}},"loc":{"start":{"line":5,"column":47},"end":{"line":9,"column":5}}}},"branchMap":{},"s":{"0":44,"1":44,"2":44,"3":10},"f":{"0":44},"b":{}}
,"C:\\Users\\andreson.vaz\\Documents\\ANDRESON GLIN\\INDT\\8 - TESTE\\PROJETO FINAL\\projeto-typescript-aula\\src\\middleware\\authMidd.ts": {"path":"C:\\Users\\andreson.vaz\\Documents\\ANDRESON GLIN\\INDT\\8 - TESTE\\PROJETO FINAL\\projeto-typescript-aula\\src\\middleware\\authMidd.ts","statementMap":{"0":{"start":{"line":2,"column":0},"end":{"line":2,"column":49}},"1":{"start":{"line":3,"column":0},"end":{"line":3,"column":31}},"2":{"start":{"line":4,"column":0},"end":{"line":4,"column":52}},"3":{"start":{"line":10,"column":30},"end":{"line":33,"column":1}},"4":{"start":{"line":12,"column":4},"end":{"line":31,"column":5}},"5":{"start":{"line":14,"column":22},"end":{"line":14,"column":77}},"6":{"start":{"line":16,"column":8},"end":{"line":18,"column":9}},"7":{"start":{"line":17,"column":12},"end":{"line":17,"column":null}},"8":{"start":{"line":20,"column":24},"end":{"line":20,"column":73}},"9":{"start":{"line":22,"column":8},"end":{"line":24,"column":9}},"10":{"start":{"line":23,"column":12},"end":{"line":23,"column":null}},"11":{"start":{"line":26,"column":8},"end":{"line":26,"column":62}},"12":{"start":{"line":27,"column":8},"end":{"line":27,"column":15}},"13":{"start":{"line":30,"column":8},"end":{"line":30,"column":null}},"14":{"start":{"line":10,"column":13},"end":{"line":10,"column":30}}},"fnMap":{"0":{"name":"(anonymous_1)","decl":{"start":{"line":10,"column":30},"end":{"line":10,"column":35}},"loc":{"start":{"line":10,"column":92},"end":{"line":33,"column":1}}}},"branchMap":{"0":{"loc":{"start":{"line":16,"column":8},"end":{"line":18,"column":9}},"type":"if","locations":[{"start":{"line":16,"column":8},"end":{"line":18,"column":9}},{"start":{},"end":{}}]},"1":{"loc":{"start":{"line":22,"column":8},"end":{"line":24,"column":9}},"type":"if","locations":[{"start":{"line":22,"column":8},"end":{"line":24,"column":9}},{"start":{},"end":{}}]}},"s":{"0":4,"1":4,"2":4,"3":4,"4":0,"5":0,"6":0,"7":0,"8":0,"9":0,"10":0,"11":0,"12":0,"13":0,"14":4},"f":{"0":0},"b":{"0":[0,0],"1":[0,0]}}
,"C:\\Users\\andreson.vaz\\Documents\\ANDRESON GLIN\\INDT\\8 - TESTE\\PROJETO FINAL\\projeto-typescript-aula\\src\\middleware\\errorHandler.ts": {"path":"C:\\Users\\andreson.vaz\\Documents\\ANDRESON GLIN\\INDT\\8 - TESTE\\PROJETO FINAL\\projeto-typescript-aula\\src\\middleware\\errorHandler.ts","statementMap":{"0":{"start":{"line":2,"column":0},"end":{"line":2,"column":30}},"1":{"start":{"line":3,"column":0},"end":{"line":3,"column":49}},"2":{"start":{"line":5,"column":15},"end":{"line":9,"column":2}},"3":{"start":{"line":11,"column":42},"end":{"line":26,"column":1}},"4":{"start":{"line":12,"column":4},"end":{"line":12,"column":62}},"5":{"start":{"line":14,"column":4},"end":{"line":24,"column":5}},"6":{"start":{"line":15,"column":8},"end":{"line":18,"column":null}},"7":{"start":{"line":20,"column":8},"end":{"line":23,"column":null}},"8":{"start":{"line":29,"column":0},"end":{"line":29,"column":28}}},"fnMap":{"0":{"name":"(anonymous_1)","decl":{"start":{"line":11,"column":42},"end":{"line":11,"column":44}},"loc":{"start":{"line":11,"column":107},"end":{"line":26,"column":1}}}},"branchMap":{"0":{"loc":{"start":{"line":14,"column":4},"end":{"line":24,"column":5}},"type":"if","locations":[{"start":{"line":14,"column":4},"end":{"line":24,"column":5}},{"start":{"line":19,"column":11},"end":{"line":24,"column":5}}]}},"s":{"0":4,"1":4,"2":4,"3":4,"4":24,"5":24,"6":23,"7":1,"8":4},"f":{"0":24},"b":{"0":[23,1]}}
,"C:\\Users\\andreson.vaz\\Documents\\ANDRESON GLIN\\INDT\\8 - TESTE\\PROJETO FINAL\\projeto-typescript-aula\\src\\middleware\\validarBody.ts": {"path":"C:\\Users\\andreson.vaz\\Documents\\ANDRESON GLIN\\INDT\\8 - TESTE\\PROJETO FINAL\\projeto-typescript-aula\\src\\middleware\\validarBody.ts","statementMap":{"0":{"start":{"line":2,"column":0},"end":{"line":2,"column":31}},"1":{"start":{"line":4,"column":27},"end":{"line":29,"column":1}},"2":{"start":{"line":5,"column":4},"end":{"line":28,"column":null}},"3":{"start":{"line":7,"column":8},"end":{"line":24,"column":9}},"4":{"start":{"line":9,"column":12},"end":{"line":9,"column":null}},"5":{"start":{"line":11,"column":12},"end":{"line":11,"column":26}},"6":{"start":{"line":15,"column":12},"end":{"line":23,"column":13}},"7":{"start":{"line":16,"column":16},"end":{"line":22,"column":null}},"8":{"start":{"line":18,"column":54},"end":{"line":21,"column":22}},"9":{"start":{"line":26,"column":8},"end":{"line":26,"column":null}},"10":{"start":{"line":4,"column":13},"end":{"line":4,"column":27}}},"fnMap":{"0":{"name":"(anonymous_0)","decl":{"start":{"line":4,"column":27},"end":{"line":4,"column":28}},"loc":{"start":{"line":4,"column":43},"end":{"line":29,"column":1}}},"1":{"name":"(anonymous_1)","decl":{"start":{"line":5,"column":11},"end":{"line":5,"column":16}},"loc":{"start":{"line":5,"column":69},"end":{"line":28,"column":5}}},"2":{"name":"(anonymous_2)","decl":{"start":{"line":18,"column":44},"end":{"line":18,"column":45}},"loc":{"start":{"line":18,"column":54},"end":{"line":21,"column":22}}}},"branchMap":{"0":{"loc":{"start":{"line":15,"column":12},"end":{"line":23,"column":13}},"type":"if","locations":[{"start":{"line":15,"column":12},"end":{"line":23,"column":13}},{"start":{},"end":{}}]}},"s":{"0":4,"1":4,"2":20,"3":50,"4":50,"5":47,"6":3,"7":3,"8":13,"9":0,"10":4},"f":{"0":20,"1":50,"2":13},"b":{"0":[3,0]}}
,"C:\\Users\\andreson.vaz\\Documents\\ANDRESON GLIN\\INDT\\8 - TESTE\\PROJETO FINAL\\projeto-typescript-aula\\src\\routes\\areaRouter.ts": {"path":"C:\\Users\\andreson.vaz\\Documents\\ANDRESON GLIN\\INDT\\8 - TESTE\\PROJETO FINAL\\projeto-typescript-aula\\src\\routes\\areaRouter.ts","statementMap":{"0":{"start":{"line":1,"column":0},"end":{"line":1,"column":33}},"1":{"start":{"line":2,"column":0},"end":{"line":2,"column":62}},"2":{"start":{"line":3,"column":0},"end":{"line":3,"column":53}},"3":{"start":{"line":4,"column":0},"end":{"line":4,"column":59}},"4":{"start":{"line":5,"column":0},"end":{"line":5,"column":67}},"5":{"start":{"line":8,"column":19},"end":{"line":8,"column":27}},"6":{"start":{"line":9,"column":20},"end":{"line":9,"column":37}},"7":{"start":{"line":10,"column":23},"end":{"line":10,"column":54}},"8":{"start":{"line":12,"column":0},"end":{"line":12,"column":103}},"9":{"start":{"line":12,"column":70},"end":{"line":12,"column":101}},"10":{"start":{"line":13,"column":0},"end":{"line":13,"column":72}},"11":{"start":{"line":13,"column":38},"end":{"line":13,"column":70}},"12":{"start":{"line":14,"column":0},"end":{"line":14,"column":77}},"13":{"start":{"line":14,"column":42},"end":{"line":14,"column":75}},"14":{"start":{"line":15,"column":0},"end":{"line":15,"column":75}},"15":{"start":{"line":15,"column":42},"end":{"line":15,"column":73}},"16":{"start":{"line":16,"column":0},"end":{"line":16,"column":78}},"17":{"start":{"line":16,"column":45},"end":{"line":16,"column":76}},"18":{"start":{"line":17,"column":0},"end":{"line":17,"column":90}},"19":{"start":{"line":17,"column":49},"end":{"line":17,"column":88}},"20":{"start":{"line":18,"column":0},"end":{"line":18,"column":26}}},"fnMap":{"0":{"name":"(anonymous_1)","decl":{"start":{"line":12,"column":56},"end":{"line":12,"column":57}},"loc":{"start":{"line":12,"column":70},"end":{"line":12,"column":101}}},"1":{"name":"(anonymous_2)","decl":{"start":{"line":13,"column":24},"end":{"line":13,"column":25}},"loc":{"start":{"line":13,"column":38},"end":{"line":13,"column":70}}},"2":{"name":"(anonymous_3)","decl":{"start":{"line":14,"column":28},"end":{"line":14,"column":29}},"loc":{"start":{"line":14,"column":42},"end":{"line":14,"column":75}}},"3":{"name":"(anonymous_4)","decl":{"start":{"line":15,"column":28},"end":{"line":15,"column":29}},"loc":{"start":{"line":15,"column":42},"end":{"line":15,"column":73}}},"4":{"name":"(anonymous_5)","decl":{"start":{"line":16,"column":31},"end":{"line":16,"column":32}},"loc":{"start":{"line":16,"column":45},"end":{"line":16,"column":76}}},"5":{"name":"(anonymous_6)","decl":{"start":{"line":17,"column":35},"end":{"line":17,"column":36}},"loc":{"start":{"line":17,"column":49},"end":{"line":17,"column":88}}}},"branchMap":{},"s":{"0":4,"1":4,"2":4,"3":4,"4":4,"5":4,"6":4,"7":4,"8":4,"9":19,"10":4,"11":1,"12":4,"13":2,"14":4,"15":2,"16":4,"17":1,"18":4,"19":0,"20":4},"f":{"0":19,"1":1,"2":2,"3":2,"4":1,"5":0},"b":{}}
,"C:\\Users\\andreson.vaz\\Documents\\ANDRESON GLIN\\INDT\\8 - TESTE\\PROJETO FINAL\\projeto-typescript-aula\\src\\routes\\authRoutes.ts": {"path":"C:\\Users\\andreson.vaz\\Documents\\ANDRESON GLIN\\INDT\\8 - TESTE\\PROJETO FINAL\\projeto-typescript-aula\\src\\routes\\authRoutes.ts","statementMap":{"0":{"start":{"line":1,"column":0},"end":{"line":1,"column":62}},"1":{"start":{"line":2,"column":0},"end":{"line":2,"column":62}},"2":{"start":{"line":3,"column":0},"end":{"line":3,"column":53}},"3":{"start":{"line":4,"column":0},"end":{"line":4,"column":57}},"4":{"start":{"line":5,"column":0},"end":{"line":5,"column":69}},"5":{"start":{"line":6,"column":0},"end":{"line":6,"column":54}},"6":{"start":{"line":9,"column":20},"end":{"line":9,"column":37}},"7":{"start":{"line":10,"column":22},"end":{"line":10,"column":41}},"8":{"start":{"line":11,"column":23},"end":{"line":11,"column":48}},"9":{"start":{"line":13,"column":23},"end":{"line":13,"column":85}},"10":{"start":{"line":15,"column":19},"end":{"line":15,"column":27}},"11":{"start":{"line":17,"column":0},"end":{"line":17,"column":83}},"12":{"start":{"line":18,"column":0},"end":{"line":18,"column":100}},"13":{"start":{"line":18,"column":61},"end":{"line":18,"column":98}},"14":{"start":{"line":19,"column":0},"end":{"line":19,"column":null}},"15":{"start":{"line":19,"column":60},"end":{"line":19,"column":91}},"16":{"start":{"line":21,"column":0},"end":{"line":21,"column":26}}},"fnMap":{"0":{"name":"(anonymous_1)","decl":{"start":{"line":18,"column":28},"end":{"line":18,"column":29}},"loc":{"start":{"line":18,"column":61},"end":{"line":18,"column":98}}},"1":{"name":"(anonymous_2)","decl":{"start":{"line":19,"column":27},"end":{"line":19,"column":28}},"loc":{"start":{"line":19,"column":60},"end":{"line":19,"column":91}}}},"branchMap":{},"s":{"0":4,"1":4,"2":4,"3":4,"4":4,"5":4,"6":4,"7":4,"8":4,"9":4,"10":4,"11":4,"12":4,"13":0,"14":4,"15":0,"16":4},"f":{"0":0,"1":0},"b":{}}
,"C:\\Users\\andreson.vaz\\Documents\\ANDRESON GLIN\\INDT\\8 - TESTE\\PROJETO FINAL\\projeto-typescript-aula\\src\\routes\\index.routes.ts": {"path":"C:\\Users\\andreson.vaz\\Documents\\ANDRESON GLIN\\INDT\\8 - TESTE\\PROJETO FINAL\\projeto-typescript-aula\\src\\routes\\index.routes.ts","statementMap":{"0":{"start":{"line":1,"column":0},"end":{"line":1,"column":33}},"1":{"start":{"line":2,"column":0},"end":{"line":2,"column":45}},"2":{"start":{"line":3,"column":0},"end":{"line":3,"column":55}},"3":{"start":{"line":4,"column":0},"end":{"line":4,"column":41}},"4":{"start":{"line":5,"column":0},"end":{"line":5,"column":47}},"5":{"start":{"line":6,"column":0},"end":{"line":6,"column":41}},"6":{"start":{"line":9,"column":20},"end":{"line":9,"column":28}},"7":{"start":{"line":11,"column":0},"end":{"line":11,"column":35}},"8":{"start":{"line":12,"column":0},"end":{"line":12,"column":null}},"9":{"start":{"line":13,"column":0},"end":{"line":13,"column":30}},"10":{"start":{"line":14,"column":0},"end":{"line":14,"column":null}},"11":{"start":{"line":15,"column":0},"end":{"line":15,"column":null}},"12":{"start":{"line":17,"column":0},"end":{"line":17,"column":27}}},"fnMap":{},"branchMap":{},"s":{"0":4,"1":4,"2":4,"3":4,"4":4,"5":4,"6":4,"7":4,"8":4,"9":4,"10":4,"11":4,"12":4},"f":{},"b":{}}
,"C:\\Users\\andreson.vaz\\Documents\\ANDRESON GLIN\\INDT\\8 - TESTE\\PROJETO FINAL\\projeto-typescript-aula\\src\\routes\\leituraRouter.ts": {"path":"C:\\Users\\andreson.vaz\\Documents\\ANDRESON GLIN\\INDT\\8 - TESTE\\PROJETO FINAL\\projeto-typescript-aula\\src\\routes\\leituraRouter.ts","statementMap":{"0":{"start":{"line":1,"column":0},"end":{"line":1,"column":33}},"1":{"start":{"line":2,"column":0},"end":{"line":2,"column":68}},"2":{"start":{"line":3,"column":0},"end":{"line":3,"column":59}},"3":{"start":{"line":4,"column":0},"end":{"line":4,"column":59}},"4":{"start":{"line":5,"column":0},"end":{"line":5,"column":73}},"5":{"start":{"line":7,"column":22},"end":{"line":7,"column":30}},"6":{"start":{"line":8,"column":23},"end":{"line":8,"column":43}},"7":{"start":{"line":9,"column":26},"end":{"line":9,"column":63}},"8":{"start":{"line":11,"column":0},"end":{"line":11,"column":115}},"9":{"start":{"line":11,"column":79},"end":{"line":11,"column":113}},"10":{"start":{"line":12,"column":0},"end":{"line":12,"column":81}},"11":{"start":{"line":12,"column":44},"end":{"line":12,"column":79}},"12":{"start":{"line":13,"column":0},"end":{"line":13,"column":86}},"13":{"start":{"line":13,"column":48},"end":{"line":13,"column":84}},"14":{"start":{"line":14,"column":0},"end":{"line":14,"column":85}},"15":{"start":{"line":14,"column":49},"end":{"line":14,"column":83}},"16":{"start":{"line":15,"column":0},"end":{"line":15,"column":87}},"17":{"start":{"line":15,"column":51},"end":{"line":15,"column":85}},"18":{"start":{"line":16,"column":0},"end":{"line":16,"column":108}},"19":{"start":{"line":16,"column":57},"end":{"line":16,"column":106}},"20":{"start":{"line":18,"column":0},"end":{"line":18,"column":29}}},"fnMap":{"0":{"name":"(anonymous_1)","decl":{"start":{"line":11,"column":65},"end":{"line":11,"column":66}},"loc":{"start":{"line":11,"column":79},"end":{"line":11,"column":113}}},"1":{"name":"(anonymous_2)","decl":{"start":{"line":12,"column":30},"end":{"line":12,"column":31}},"loc":{"start":{"line":12,"column":44},"end":{"line":12,"column":79}}},"2":{"name":"(anonymous_3)","decl":{"start":{"line":13,"column":34},"end":{"line":13,"column":35}},"loc":{"start":{"line":13,"column":48},"end":{"line":13,"column":84}}},"3":{"name":"(anonymous_4)","decl":{"start":{"line":14,"column":35},"end":{"line":14,"column":36}},"loc":{"start":{"line":14,"column":49},"end":{"line":14,"column":83}}},"4":{"name":"(anonymous_5)","decl":{"start":{"line":15,"column":37},"end":{"line":15,"column":38}},"loc":{"start":{"line":15,"column":51},"end":{"line":15,"column":85}}},"5":{"name":"(anonymous_6)","decl":{"start":{"line":16,"column":43},"end":{"line":16,"column":44}},"loc":{"start":{"line":16,"column":57},"end":{"line":16,"column":106}}}},"branchMap":{},"s":{"0":4,"1":4,"2":4,"3":4,"4":4,"5":4,"6":4,"7":4,"8":4,"9":6,"10":4,"11":1,"12":4,"13":2,"14":4,"15":2,"16":4,"17":2,"18":4,"19":0,"20":4},"f":{"0":6,"1":1,"2":2,"3":2,"4":2,"5":0},"b":{}}
,"C:\\Users\\andreson.vaz\\Documents\\ANDRESON GLIN\\INDT\\8 - TESTE\\PROJETO FINAL\\projeto-typescript-aula\\src\\routes\\pesquisadorRoutes.ts": {"path":"C:\\Users\\andreson.vaz\\Documents\\ANDRESON GLIN\\INDT\\8 - TESTE\\PROJETO FINAL\\projeto-typescript-aula\\src\\routes\\pesquisadorRoutes.ts","statementMap":{"0":{"start":{"line":1,"column":0},"end":{"line":1,"column":33}},"1":{"start":{"line":2,"column":0},"end":{"line":2,"column":76}},"2":{"start":{"line":3,"column":0},"end":{"line":3,"column":67}},"3":{"start":{"line":4,"column":0},"end":{"line":4,"column":59}},"4":{"start":{"line":5,"column":0},"end":{"line":5,"column":81}},"5":{"start":{"line":7,"column":26},"end":{"line":7,"column":34}},"6":{"start":{"line":8,"column":27},"end":{"line":8,"column":51}},"7":{"start":{"line":9,"column":30},"end":{"line":9,"column":75}},"8":{"start":{"line":11,"column":0},"end":{"line":11,"column":131}},"9":{"start":{"line":11,"column":91},"end":{"line":11,"column":129}},"10":{"start":{"line":12,"column":0},"end":{"line":12,"column":128}},"11":{"start":{"line":12,"column":88},"end":{"line":12,"column":126}},"12":{"start":{"line":13,"column":0},"end":{"line":13,"column":93}},"13":{"start":{"line":13,"column":52},"end":{"line":13,"column":91}},"14":{"start":{"line":14,"column":0},"end":{"line":14,"column":98}},"15":{"start":{"line":14,"column":56},"end":{"line":14,"column":96}},"16":{"start":{"line":15,"column":0},"end":{"line":15,"column":96}},"17":{"start":{"line":15,"column":56},"end":{"line":15,"column":94}},"18":{"start":{"line":16,"column":0},"end":{"line":16,"column":99}},"19":{"start":{"line":16,"column":59},"end":{"line":16,"column":97}},"20":{"start":{"line":18,"column":0},"end":{"line":18,"column":33}}},"fnMap":{"0":{"name":"(anonymous_1)","decl":{"start":{"line":11,"column":77},"end":{"line":11,"column":78}},"loc":{"start":{"line":11,"column":91},"end":{"line":11,"column":129}}},"1":{"name":"(anonymous_2)","decl":{"start":{"line":12,"column":74},"end":{"line":12,"column":75}},"loc":{"start":{"line":12,"column":88},"end":{"line":12,"column":126}}},"2":{"name":"(anonymous_3)","decl":{"start":{"line":13,"column":38},"end":{"line":13,"column":39}},"loc":{"start":{"line":13,"column":52},"end":{"line":13,"column":91}}},"3":{"name":"(anonymous_4)","decl":{"start":{"line":14,"column":42},"end":{"line":14,"column":43}},"loc":{"start":{"line":14,"column":56},"end":{"line":14,"column":96}}},"4":{"name":"(anonymous_5)","decl":{"start":{"line":15,"column":42},"end":{"line":15,"column":43}},"loc":{"start":{"line":15,"column":56},"end":{"line":15,"column":94}}},"5":{"name":"(anonymous_6)","decl":{"start":{"line":16,"column":45},"end":{"line":16,"column":46}},"loc":{"start":{"line":16,"column":59},"end":{"line":16,"column":97}}}},"branchMap":{},"s":{"0":4,"1":4,"2":4,"3":4,"4":4,"5":4,"6":4,"7":4,"8":4,"9":7,"10":4,"11":0,"12":4,"13":1,"14":4,"15":2,"16":4,"17":2,"18":4,"19":2,"20":4},"f":{"0":7,"1":0,"2":1,"3":2,"4":2,"5":2},"b":{}}
,"C:\\Users\\andreson.vaz\\Documents\\ANDRESON GLIN\\INDT\\8 - TESTE\\PROJETO FINAL\\projeto-typescript-aula\\src\\routes\\sensorRoutes.ts": {"path":"C:\\Users\\andreson.vaz\\Documents\\ANDRESON GLIN\\INDT\\8 - TESTE\\PROJETO FINAL\\projeto-typescript-aula\\src\\routes\\sensorRoutes.ts","statementMap":{"0":{"start":{"line":1,"column":0},"end":{"line":1,"column":33}},"1":{"start":{"line":2,"column":0},"end":{"line":2,"column":66}},"2":{"start":{"line":3,"column":0},"end":{"line":3,"column":57}},"3":{"start":{"line":4,"column":0},"end":{"line":4,"column":59}},"4":{"start":{"line":6,"column":0},"end":{"line":6,"column":59}},"5":{"start":{"line":7,"column":0},"end":{"line":7,"column":71}},"6":{"start":{"line":9,"column":21},"end":{"line":9,"column":29}},"7":{"start":{"line":10,"column":22},"end":{"line":10,"column":41}},"8":{"start":{"line":11,"column":25},"end":{"line":11,"column":60}},"9":{"start":{"line":16,"column":0},"end":{"line":16,"column":85}},"10":{"start":{"line":16,"column":43},"end":{"line":16,"column":83}},"11":{"start":{"line":17,"column":0},"end":{"line":17,"column":115}},"12":{"start":{"line":17,"column":77},"end":{"line":17,"column":113}},"13":{"start":{"line":18,"column":0},"end":{"line":18,"column":88}},"14":{"start":{"line":18,"column":47},"end":{"line":18,"column":86}},"15":{"start":{"line":19,"column":0},"end":{"line":19,"column":91}},"16":{"start":{"line":19,"column":50},"end":{"line":19,"column":89}},"17":{"start":{"line":21,"column":0},"end":{"line":21,"column":28}}},"fnMap":{"0":{"name":"(anonymous_1)","decl":{"start":{"line":16,"column":29},"end":{"line":16,"column":30}},"loc":{"start":{"line":16,"column":43},"end":{"line":16,"column":83}}},"1":{"name":"(anonymous_2)","decl":{"start":{"line":17,"column":63},"end":{"line":17,"column":64}},"loc":{"start":{"line":17,"column":77},"end":{"line":17,"column":113}}},"2":{"name":"(anonymous_3)","decl":{"start":{"line":18,"column":33},"end":{"line":18,"column":34}},"loc":{"start":{"line":18,"column":47},"end":{"line":18,"column":86}}},"3":{"name":"(anonymous_4)","decl":{"start":{"line":19,"column":36},"end":{"line":19,"column":37}},"loc":{"start":{"line":19,"column":50},"end":{"line":19,"column":89}}}},"branchMap":{},"s":{"0":4,"1":4,"2":4,"3":4,"4":4,"5":4,"6":4,"7":4,"8":4,"9":4,"10":1,"11":4,"12":15,"13":4,"14":1,"15":4,"16":2,"17":4},"f":{"0":1,"1":15,"2":1,"3":2},"b":{}}
,"C:\\Users\\andreson.vaz\\Documents\\ANDRESON GLIN\\INDT\\8 - TESTE\\PROJETO FINAL\\projeto-typescript-aula\\src\\services\\AreaService.ts": {"path":"C:\\Users\\andreson.vaz\\Documents\\ANDRESON GLIN\\INDT\\8 - TESTE\\PROJETO FINAL\\projeto-typescript-aula\\src\\services\\AreaService.ts","statementMap":{"0":{"start":{"line":1,"column":0},"end":{"line":1,"column":61}},"1":{"start":{"line":2,"column":0},"end":{"line":2,"column":39}},"2":{"start":{"line":3,"column":0},"end":{"line":3,"column":49}},"3":{"start":{"line":6,"column":29},"end":{"line":6,"column":62}},"4":{"start":{"line":9,"column":8},"end":{"line":9,"column":75}},"5":{"start":{"line":13,"column":8},"end":{"line":13,"column":null}},"6":{"start":{"line":14,"column":21},"end":{"line":14,"column":98}},"7":{"start":{"line":15,"column":8},"end":{"line":17,"column":9}},"8":{"start":{"line":16,"column":12},"end":{"line":16,"column":59}},"9":{"start":{"line":18,"column":8},"end":{"line":18,"column":20}},"10":{"start":{"line":22,"column":25},"end":{"line":22,"column":57}},"11":{"start":{"line":23,"column":8},"end":{"line":23,"column":49}},"12":{"start":{"line":24,"column":8},"end":{"line":24,"column":24}},"13":{"start":{"line":29,"column":8},"end":{"line":39,"column":11}},"14":{"start":{"line":43,"column":8},"end":{"line":43,"column":null}},"15":{"start":{"line":44,"column":21},"end":{"line":44,"column":98}},"16":{"start":{"line":45,"column":8},"end":{"line":45,"column":null}},"17":{"start":{"line":46,"column":8},"end":{"line":48,"column":9}},"18":{"start":{"line":47,"column":12},"end":{"line":47,"column":59}},"19":{"start":{"line":50,"column":23},"end":{"line":50,"column":76}},"20":{"start":{"line":50,"column":49},"end":{"line":50,"column":68}},"21":{"start":{"line":51,"column":8},"end":{"line":55,"column":14}},"22":{"start":{"line":60,"column":21},"end":{"line":67,"column":10}},"23":{"start":{"line":69,"column":8},"end":{"line":71,"column":9}},"24":{"start":{"line":70,"column":12},"end":{"line":70,"column":59}},"25":{"start":{"line":73,"column":32},"end":{"line":73,"column":80}},"26":{"start":{"line":73,"column":64},"end":{"line":73,"column":79}},"27":{"start":{"line":75,"column":8},"end":{"line":75,"column":31}},"28":{"start":{"line":79,"column":27},"end":{"line":79,"column":70}},"29":{"start":{"line":81,"column":8},"end":{"line":83,"column":9}},"30":{"start":{"line":82,"column":12},"end":{"line":82,"column":59}},"31":{"start":{"line":85,"column":31},"end":{"line":85,"column":74}},"32":{"start":{"line":86,"column":8},"end":{"line":86,"column":55}},"33":{"start":{"line":87,"column":8},"end":{"line":87,"column":30}},"34":{"start":{"line":91,"column":21},"end":{"line":91,"column":64}},"35":{"start":{"line":93,"column":8},"end":{"line":95,"column":9}},"36":{"start":{"line":94,"column":12},"end":{"line":94,"column":59}},"37":{"start":{"line":97,"column":8},"end":{"line":97,"column":47}},"38":{"start":{"line":101,"column":0},"end":{"line":101,"column":27}}},"fnMap":{"0":{"name":"(anonymous_1)","decl":{"start":{"line":8,"column":11},"end":{"line":8,"column":16}},"loc":{"start":{"line":8,"column":24},"end":{"line":10,"column":5}}},"1":{"name":"(anonymous_2)","decl":{"start":{"line":12,"column":11},"end":{"line":12,"column":16}},"loc":{"start":{"line":12,"column":36},"end":{"line":19,"column":5}}},"2":{"name":"(anonymous_3)","decl":{"start":{"line":21,"column":11},"end":{"line":21,"column":16}},"loc":{"start":{"line":21,"column":34},"end":{"line":25,"column":5}}},"3":{"name":"(anonymous_4)","decl":{"start":{"line":28,"column":4},"end":{"line":28,"column":9}},"loc":{"start":{"line":28,"column":45},"end":{"line":40,"column":5}}},"4":{"name":"(anonymous_5)","decl":{"start":{"line":42,"column":4},"end":{"line":42,"column":9}},"loc":{"start":{"line":42,"column":40},"end":{"line":56,"column":5}}},"5":{"name":"(anonymous_6)","decl":{"start":{"line":50,"column":44},"end":{"line":50,"column":45}},"loc":{"start":{"line":50,"column":49},"end":{"line":50,"column":68}}},"6":{"name":"(anonymous_7)","decl":{"start":{"line":58,"column":11},"end":{"line":58,"column":16}},"loc":{"start":{"line":58,"column":50},"end":{"line":76,"column":5}}},"7":{"name":"(anonymous_8)","decl":{"start":{"line":73,"column":54},"end":{"line":73,"column":60}},"loc":{"start":{"line":73,"column":64},"end":{"line":73,"column":79}}},"8":{"name":"(anonymous_9)","decl":{"start":{"line":78,"column":11},"end":{"line":78,"column":16}},"loc":{"start":{"line":78,"column":55},"end":{"line":88,"column":5}}},"9":{"name":"(anonymous_10)","decl":{"start":{"line":90,"column":11},"end":{"line":90,"column":16}},"loc":{"start":{"line":90,"column":34},"end":{"line":98,"column":5}}}},"branchMap":{"0":{"loc":{"start":{"line":15,"column":8},"end":{"line":17,"column":9}},"type":"if","locations":[{"start":{"line":15,"column":8},"end":{"line":17,"column":9}},{"start":{},"end":{}}]},"1":{"loc":{"start":{"line":46,"column":8},"end":{"line":48,"column":9}},"type":"if","locations":[{"start":{"line":46,"column":8},"end":{"line":48,"column":9}},{"start":{},"end":{}}]},"2":{"loc":{"start":{"line":69,"column":8},"end":{"line":71,"column":9}},"type":"if","locations":[{"start":{"line":69,"column":8},"end":{"line":71,"column":9}},{"start":{},"end":{}}]},"3":{"loc":{"start":{"line":81,"column":8},"end":{"line":83,"column":9}},"type":"if","locations":[{"start":{"line":81,"column":8},"end":{"line":83,"column":9}},{"start":{},"end":{}}]},"4":{"loc":{"start":{"line":93,"column":8},"end":{"line":95,"column":9}},"type":"if","locations":[{"start":{"line":93,"column":8},"end":{"line":95,"column":9}},{"start":{},"end":{}}]}},"s":{"0":5,"1":5,"2":5,"3":12,"4":2,"5":4,"6":4,"7":4,"8":2,"9":2,"10":20,"11":20,"12":20,"13":0,"14":0,"15":0,"16":0,"17":0,"18":0,"19":0,"20":0,"21":0,"22":0,"23":0,"24":0,"25":0,"26":0,"27":0,"28":4,"29":4,"30":2,"31":2,"32":2,"33":2,"34":3,"35":3,"36":2,"37":1,"38":5},"f":{"0":2,"1":4,"2":20,"3":0,"4":0,"5":0,"6":0,"7":0,"8":4,"9":3},"b":{"0":[2,2],"1":[0,0],"2":[0,0],"3":[2,2],"4":[2,1]}}
,"C:\\Users\\andreson.vaz\\Documents\\ANDRESON GLIN\\INDT\\8 - TESTE\\PROJETO FINAL\\projeto-typescript-aula\\src\\services\\AuthService.ts": {"path":"C:\\Users\\andreson.vaz\\Documents\\ANDRESON GLIN\\INDT\\8 - TESTE\\PROJETO FINAL\\projeto-typescript-aula\\src\\services\\AuthService.ts","statementMap":{"0":{"start":{"line":1,"column":0},"end":{"line":1,"column":30}},"1":{"start":{"line":2,"column":0},"end":{"line":2,"column":61}},"2":{"start":{"line":3,"column":0},"end":{"line":3,"column":53}},"3":{"start":{"line":4,"column":0},"end":{"line":4,"column":55}},"4":{"start":{"line":5,"column":0},"end":{"line":5,"column":49}},"5":{"start":{"line":6,"column":0},"end":{"line":6,"column":36}},"6":{"start":{"line":7,"column":0},"end":{"line":7,"column":31}},"7":{"start":{"line":8,"column":0},"end":{"line":8,"column":52}},"8":{"start":{"line":9,"column":0},"end":{"line":9,"column":19}},"9":{"start":{"line":13,"column":26},"end":{"line":13,"column":67}},"10":{"start":{"line":14,"column":30},"end":{"line":14,"column":70}},"11":{"start":{"line":19,"column":28},"end":{"line":21,"column":10}},"12":{"start":{"line":23,"column":8},"end":{"line":25,"column":9}},"13":{"start":{"line":24,"column":12},"end":{"line":24,"column":null}},"14":{"start":{"line":28,"column":32},"end":{"line":28,"column":78}},"15":{"start":{"line":30,"column":8},"end":{"line":32,"column":9}},"16":{"start":{"line":31,"column":12},"end":{"line":31,"column":null}},"17":{"start":{"line":34,"column":29},"end":{"line":41,"column":10}},"18":{"start":{"line":43,"column":8},"end":{"line":45,"column":9}},"19":{"start":{"line":44,"column":12},"end":{"line":44,"column":85}},"20":{"start":{"line":48,"column":28},"end":{"line":48,"column":64}},"21":{"start":{"line":51,"column":29},"end":{"line":51,"column":91}},"22":{"start":{"line":54,"column":8},"end":{"line":54,"column":null}},"23":{"start":{"line":59,"column":26},"end":{"line":59,"column":38}},"24":{"start":{"line":60,"column":23},"end":{"line":66,"column":10}},"25":{"start":{"line":68,"column":8},"end":{"line":68,"column":44}},"26":{"start":{"line":73,"column":26},"end":{"line":82,"column":null}},"27":{"start":{"line":86,"column":27},"end":{"line":87,"column":78}},"28":{"start":{"line":89,"column":9},"end":{"line":93,"column":null}},"29":{"start":{"line":95,"column":9},"end":{"line":95,"column":26}},"30":{"start":{"line":99,"column":8},"end":{"line":109,"column":null}},"31":{"start":{"line":11,"column":0},"end":{"line":11,"column":21}}},"fnMap":{"0":{"name":"(anonymous_1)","decl":{"start":{"line":16,"column":4},"end":{"line":16,"column":9}},"loc":{"start":{"line":17,"column":12},"end":{"line":56,"column":5}}},"1":{"name":"(anonymous_2)","decl":{"start":{"line":58,"column":12},"end":{"line":58,"column":17}},"loc":{"start":{"line":58,"column":92},"end":{"line":69,"column":5}}},"2":{"name":"(anonymous_3)","decl":{"start":{"line":71,"column":12},"end":{"line":71,"column":17}},"loc":{"start":{"line":71,"column":69},"end":{"line":96,"column":5}}},"3":{"name":"(anonymous_4)","decl":{"start":{"line":98,"column":12},"end":{"line":98,"column":30}},"loc":{"start":{"line":98,"column":55},"end":{"line":110,"column":5}}}},"branchMap":{"0":{"loc":{"start":{"line":23,"column":8},"end":{"line":25,"column":9}},"type":"if","locations":[{"start":{"line":23,"column":8},"end":{"line":25,"column":9}},{"start":{},"end":{}}]},"1":{"loc":{"start":{"line":30,"column":8},"end":{"line":32,"column":9}},"type":"if","locations":[{"start":{"line":30,"column":8},"end":{"line":32,"column":9}},{"start":{},"end":{}}]},"2":{"loc":{"start":{"line":43,"column":8},"end":{"line":45,"column":9}},"type":"if","locations":[{"start":{"line":43,"column":8},"end":{"line":45,"column":9}},{"start":{},"end":{}}]},"3":{"loc":{"start":{"line":86,"column":27},"end":{"line":87,"column":78}},"type":"cond-expr","locations":[{"start":{"line":87,"column":9},"end":{"line":87,"column":40}},{"start":{"line":87,"column":43},"end":{"line":87,"column":78}}]}},"s":{"0":5,"1":5,"2":5,"3":5,"4":5,"5":5,"6":5,"7":5,"8":5,"9":8,"10":8,"11":4,"12":4,"13":1,"14":3,"15":3,"16":1,"17":2,"18":2,"19":1,"20":2,"21":2,"22":2,"23":1,"24":1,"25":1,"26":2,"27":2,"28":2,"29":2,"30":2,"31":5},"f":{"0":4,"1":1,"2":2,"3":2},"b":{"0":[1,3],"1":[1,2],"2":[1,1],"3":[2,0]}}
,"C:\\Users\\andreson.vaz\\Documents\\ANDRESON GLIN\\INDT\\8 - TESTE\\PROJETO FINAL\\projeto-typescript-aula\\src\\services\\LeituraService.ts": {"path":"C:\\Users\\andreson.vaz\\Documents\\ANDRESON GLIN\\INDT\\8 - TESTE\\PROJETO FINAL\\projeto-typescript-aula\\src\\services\\LeituraService.ts","statementMap":{"0":{"start":{"line":1,"column":0},"end":{"line":1,"column":61}},"1":{"start":{"line":2,"column":0},"end":{"line":2,"column":45}},"2":{"start":{"line":3,"column":0},"end":{"line":3,"column":47}},"3":{"start":{"line":4,"column":0},"end":{"line":4,"column":49}},"4":{"start":{"line":8,"column":32},"end":{"line":8,"column":68}},"5":{"start":{"line":9,"column":31},"end":{"line":9,"column":66}},"6":{"start":{"line":12,"column":8},"end":{"line":16,"column":11}},"7":{"start":{"line":20,"column":24},"end":{"line":20,"column":70}},"8":{"start":{"line":22,"column":8},"end":{"line":24,"column":9}},"9":{"start":{"line":23,"column":12},"end":{"line":23,"column":62}},"10":{"start":{"line":26,"column":8},"end":{"line":26,"column":23}},"11":{"start":{"line":31,"column":23},"end":{"line":31,"column":93}},"12":{"start":{"line":33,"column":8},"end":{"line":35,"column":9}},"13":{"start":{"line":34,"column":12},"end":{"line":34,"column":65}},"14":{"start":{"line":37,"column":28},"end":{"line":42,"column":10}},"15":{"start":{"line":43,"column":8},"end":{"line":43,"column":55}},"16":{"start":{"line":44,"column":8},"end":{"line":44,"column":27}},"17":{"start":{"line":48,"column":30},"end":{"line":48,"column":76}},"18":{"start":{"line":50,"column":8},"end":{"line":52,"column":9}},"19":{"start":{"line":51,"column":12},"end":{"line":51,"column":62}},"20":{"start":{"line":54,"column":27},"end":{"line":54,"column":62}},"21":{"start":{"line":55,"column":34},"end":{"line":55,"column":89}},"22":{"start":{"line":57,"column":8},"end":{"line":57,"column":61}},"23":{"start":{"line":58,"column":8},"end":{"line":58,"column":33}},"24":{"start":{"line":62,"column":24},"end":{"line":62,"column":70}},"25":{"start":{"line":64,"column":8},"end":{"line":66,"column":9}},"26":{"start":{"line":65,"column":12},"end":{"line":65,"column":62}},"27":{"start":{"line":68,"column":8},"end":{"line":68,"column":53}},"28":{"start":{"line":72,"column":21},"end":{"line":78,"column":22}},"29":{"start":{"line":80,"column":33},"end":{"line":80,"column":35}},"30":{"start":{"line":81,"column":38},"end":{"line":81,"column":40}},"31":{"start":{"line":82,"column":34},"end":{"line":82,"column":36}},"32":{"start":{"line":84,"column":8},"end":{"line":94,"column":9}},"33":{"start":{"line":85,"column":12},"end":{"line":90,"column":14}},"34":{"start":{"line":92,"column":12},"end":{"line":92,"column":50}},"35":{"start":{"line":93,"column":12},"end":{"line":93,"column":42}},"36":{"start":{"line":96,"column":8},"end":{"line":100,"column":10}},"37":{"start":{"line":105,"column":0},"end":{"line":105,"column":30}}},"fnMap":{"0":{"name":"(anonymous_1)","decl":{"start":{"line":11,"column":11},"end":{"line":11,"column":16}},"loc":{"start":{"line":11,"column":24},"end":{"line":17,"column":5}}},"1":{"name":"(anonymous_2)","decl":{"start":{"line":19,"column":11},"end":{"line":19,"column":16}},"loc":{"start":{"line":19,"column":36},"end":{"line":27,"column":5}}},"2":{"name":"(anonymous_3)","decl":{"start":{"line":29,"column":11},"end":{"line":29,"column":16}},"loc":{"start":{"line":29,"column":46},"end":{"line":45,"column":5}}},"3":{"name":"(anonymous_4)","decl":{"start":{"line":47,"column":11},"end":{"line":47,"column":16}},"loc":{"start":{"line":47,"column":49},"end":{"line":59,"column":5}}},"4":{"name":"(anonymous_5)","decl":{"start":{"line":61,"column":11},"end":{"line":61,"column":16}},"loc":{"start":{"line":61,"column":34},"end":{"line":69,"column":5}}},"5":{"name":"(anonymous_6)","decl":{"start":{"line":71,"column":4},"end":{"line":71,"column":9}},"loc":{"start":{"line":71,"column":46},"end":{"line":101,"column":5}}}},"branchMap":{"0":{"loc":{"start":{"line":22,"column":8},"end":{"line":24,"column":9}},"type":"if","locations":[{"start":{"line":22,"column":8},"end":{"line":24,"column":9}},{"start":{},"end":{}}]},"1":{"loc":{"start":{"line":33,"column":8},"end":{"line":35,"column":9}},"type":"if","locations":[{"start":{"line":33,"column":8},"end":{"line":35,"column":9}},{"start":{},"end":{}}]},"2":{"loc":{"start":{"line":50,"column":8},"end":{"line":52,"column":9}},"type":"if","locations":[{"start":{"line":50,"column":8},"end":{"line":52,"column":9}},{"start":{},"end":{}}]},"3":{"loc":{"start":{"line":64,"column":8},"end":{"line":66,"column":9}},"type":"if","locations":[{"start":{"line":64,"column":8},"end":{"line":66,"column":9}},{"start":{},"end":{}}]}},"s":{"0":5,"1":5,"2":5,"3":5,"4":14,"5":14,"6":2,"7":4,"8":3,"9":2,"10":1,"11":8,"12":8,"13":5,"14":3,"15":3,"16":3,"17":4,"18":4,"19":2,"20":2,"21":2,"22":2,"23":2,"24":4,"25":4,"26":2,"27":2,"28":1,"29":1,"30":1,"31":1,"32":1,"33":1,"34":1,"35":1,"36":1,"37":5},"f":{"0":2,"1":4,"2":8,"3":4,"4":4,"5":1},"b":{"0":[2,1],"1":[5,3],"2":[2,2],"3":[2,2]}}
,"C:\\Users\\andreson.vaz\\Documents\\ANDRESON GLIN\\INDT\\8 - TESTE\\PROJETO FINAL\\projeto-typescript-aula\\src\\services\\LogoutService.ts": {"path":"C:\\Users\\andreson.vaz\\Documents\\ANDRESON GLIN\\INDT\\8 - TESTE\\PROJETO FINAL\\projeto-typescript-aula\\src\\services\\LogoutService.ts","statementMap":{"0":{"start":{"line":1,"column":0},"end":{"line":1,"column":52}},"1":{"start":{"line":2,"column":0},"end":{"line":2,"column":61}},"2":{"start":{"line":3,"column":0},"end":{"line":3,"column":55}},"3":{"start":{"line":4,"column":0},"end":{"line":4,"column":30}},"4":{"start":{"line":5,"column":0},"end":{"line":5,"column":49}},"5":{"start":{"line":9,"column":26},"end":{"line":9,"column":67}},"6":{"start":{"line":12,"column":8},"end":{"line":20,"column":9}},"7":{"start":{"line":13,"column":28},"end":{"line":13,"column":85}},"8":{"start":{"line":14,"column":12},"end":{"line":17,"column":14}},"9":{"start":{"line":19,"column":12},"end":{"line":19,"column":66}},"10":{"start":{"line":24,"column":8},"end":{"line":27,"column":10}},"11":{"start":{"line":7,"column":0},"end":{"line":7,"column":21}}},"fnMap":{"0":{"name":"(anonymous_1)","decl":{"start":{"line":11,"column":8},"end":{"line":11,"column":13}},"loc":{"start":{"line":11,"column":41},"end":{"line":21,"column":9}}},"1":{"name":"(anonymous_2)","decl":{"start":{"line":23,"column":8},"end":{"line":23,"column":13}},"loc":{"start":{"line":23,"column":38},"end":{"line":28,"column":9}}}},"branchMap":{},"s":{"0":4,"1":4,"2":4,"3":4,"4":4,"5":4,"6":0,"7":0,"8":0,"9":0,"10":0,"11":4},"f":{"0":0,"1":0},"b":{}}
,"C:\\Users\\andreson.vaz\\Documents\\ANDRESON GLIN\\INDT\\8 - TESTE\\PROJETO FINAL\\projeto-typescript-aula\\src\\services\\PesquisadorService.ts": {"path":"C:\\Users\\andreson.vaz\\Documents\\ANDRESON GLIN\\INDT\\8 - TESTE\\PROJETO FINAL\\projeto-typescript-aula\\src\\services\\PesquisadorService.ts","statementMap":{"0":{"start":{"line":1,"column":0},"end":{"line":1,"column":30}},"1":{"start":{"line":2,"column":0},"end":{"line":2,"column":61}},"2":{"start":{"line":3,"column":0},"end":{"line":3,"column":53}},"3":{"start":{"line":4,"column":0},"end":{"line":4,"column":49}},"4":{"start":{"line":7,"column":36},"end":{"line":7,"column":76}},"5":{"start":{"line":10,"column":8},"end":{"line":10,"column":55}},"6":{"start":{"line":14,"column":28},"end":{"line":14,"column":78}},"7":{"start":{"line":16,"column":8},"end":{"line":18,"column":9}},"8":{"start":{"line":17,"column":12},"end":{"line":17,"column":66}},"9":{"start":{"line":20,"column":8},"end":{"line":20,"column":27}},"10":{"start":{"line":25,"column":77},"end":{"line":25,"column":81}},"11":{"start":{"line":28,"column":28},"end":{"line":28,"column":81}},"12":{"start":{"line":29,"column":32},"end":{"line":29,"column":89}},"13":{"start":{"line":31,"column":8},"end":{"line":33,"column":9}},"14":{"start":{"line":32,"column":12},"end":{"line":32,"column":74}},"15":{"start":{"line":35,"column":8},"end":{"line":35,"column":null}},"16":{"start":{"line":37,"column":32},"end":{"line":37,"column":71}},"17":{"start":{"line":38,"column":8},"end":{"line":38,"column":63}},"18":{"start":{"line":39,"column":8},"end":{"line":39,"column":31}},"19":{"start":{"line":43,"column":34},"end":{"line":43,"column":84}},"20":{"start":{"line":45,"column":8},"end":{"line":47,"column":9}},"21":{"start":{"line":46,"column":12},"end":{"line":46,"column":66}},"22":{"start":{"line":49,"column":27},"end":{"line":49,"column":66}},"23":{"start":{"line":50,"column":38},"end":{"line":50,"column":101}},"24":{"start":{"line":52,"column":8},"end":{"line":52,"column":69}},"25":{"start":{"line":53,"column":8},"end":{"line":53,"column":37}},"26":{"start":{"line":57,"column":28},"end":{"line":57,"column":78}},"27":{"start":{"line":59,"column":8},"end":{"line":61,"column":9}},"28":{"start":{"line":60,"column":12},"end":{"line":60,"column":66}},"29":{"start":{"line":63,"column":8},"end":{"line":63,"column":61}},"30":{"start":{"line":67,"column":0},"end":{"line":67,"column":34}}},"fnMap":{"0":{"name":"(anonymous_1)","decl":{"start":{"line":9,"column":11},"end":{"line":9,"column":16}},"loc":{"start":{"line":9,"column":24},"end":{"line":11,"column":5}}},"1":{"name":"(anonymous_2)","decl":{"start":{"line":13,"column":11},"end":{"line":13,"column":16}},"loc":{"start":{"line":13,"column":36},"end":{"line":21,"column":5}}},"2":{"name":"(anonymous_3)","decl":{"start":{"line":23,"column":11},"end":{"line":23,"column":16}},"loc":{"start":{"line":23,"column":41},"end":{"line":40,"column":5}}},"3":{"name":"(anonymous_4)","decl":{"start":{"line":42,"column":11},"end":{"line":42,"column":16}},"loc":{"start":{"line":42,"column":53},"end":{"line":54,"column":5}}},"4":{"name":"(anonymous_5)","decl":{"start":{"line":56,"column":11},"end":{"line":56,"column":16}},"loc":{"start":{"line":56,"column":34},"end":{"line":64,"column":5}}}},"branchMap":{"0":{"loc":{"start":{"line":16,"column":8},"end":{"line":18,"column":9}},"type":"if","locations":[{"start":{"line":16,"column":8},"end":{"line":18,"column":9}},{"start":{},"end":{}}]},"1":{"loc":{"start":{"line":31,"column":8},"end":{"line":33,"column":9}},"type":"if","locations":[{"start":{"line":31,"column":8},"end":{"line":33,"column":9}},{"start":{},"end":{}}]},"2":{"loc":{"start":{"line":31,"column":12},"end":{"line":31,"column":42}},"type":"binary-expr","locations":[{"start":{"line":31,"column":12},"end":{"line":31,"column":23}},{"start":{"line":31,"column":27},"end":{"line":31,"column":42}}]},"3":{"loc":{"start":{"line":45,"column":8},"end":{"line":47,"column":9}},"type":"if","locations":[{"start":{"line":45,"column":8},"end":{"line":47,"column":9}},{"start":{},"end":{}}]},"4":{"loc":{"start":{"line":59,"column":8},"end":{"line":61,"column":9}},"type":"if","locations":[{"start":{"line":59,"column":8},"end":{"line":61,"column":9}},{"start":{},"end":{}}]}},"s":{"0":5,"1":5,"2":5,"3":5,"4":14,"5":2,"6":4,"7":4,"8":2,"9":2,"10":10,"11":10,"12":10,"13":10,"14":3,"15":7,"16":7,"17":7,"18":7,"19":4,"20":4,"21":2,"22":2,"23":2,"24":2,"25":2,"26":4,"27":4,"28":2,"29":2,"30":5},"f":{"0":2,"1":4,"2":10,"3":4,"4":4},"b":{"0":[2,2],"1":[3,7],"2":[10,8],"3":[2,2],"4":[2,2]}}
,"C:\\Users\\andreson.vaz\\Documents\\ANDRESON GLIN\\INDT\\8 - TESTE\\PROJETO FINAL\\projeto-typescript-aula\\src\\services\\RefreshTokenService.ts": {"path":"C:\\Users\\andreson.vaz\\Documents\\ANDRESON GLIN\\INDT\\8 - TESTE\\PROJETO FINAL\\projeto-typescript-aula\\src\\services\\RefreshTokenService.ts","statementMap":{"0":{"start":{"line":1,"column":0},"end":{"line":1,"column":30}},"1":{"start":{"line":2,"column":0},"end":{"line":2,"column":52}},"2":{"start":{"line":3,"column":0},"end":{"line":3,"column":61}},"3":{"start":{"line":5,"column":0},"end":{"line":5,"column":55}},"4":{"start":{"line":6,"column":0},"end":{"line":6,"column":36}},"5":{"start":{"line":7,"column":0},"end":{"line":7,"column":30}},"6":{"start":{"line":8,"column":0},"end":{"line":8,"column":19}},"7":{"start":{"line":9,"column":0},"end":{"line":9,"column":49}},"8":{"start":{"line":13,"column":26},"end":{"line":13,"column":67}},"9":{"start":{"line":17,"column":18},"end":{"line":19,"column":null}},"10":{"start":{"line":22,"column":18},"end":{"line":30,"column":4}},"11":{"start":{"line":32,"column":2},"end":{"line":34,"column":3}},"12":{"start":{"line":33,"column":4},"end":{"line":33,"column":46}},"13":{"start":{"line":36,"column":16},"end":{"line":36,"column":69}},"14":{"start":{"line":37,"column":2},"end":{"line":39,"column":3}},"15":{"start":{"line":38,"column":4},"end":{"line":38,"column":46}},"16":{"start":{"line":41,"column":2},"end":{"line":41,"column":71}},"17":{"start":{"line":43,"column":15},"end":{"line":49,"column":4}},"18":{"start":{"line":51,"column":2},"end":{"line":57,"column":4}},"19":{"start":{"line":62,"column":30},"end":{"line":71,"column":null}},"20":{"start":{"line":75,"column":31},"end":{"line":76,"column":82}},"21":{"start":{"line":78,"column":13},"end":{"line":82,"column":null}},"22":{"start":{"line":84,"column":13},"end":{"line":84,"column":30}},"23":{"start":{"line":88,"column":12},"end":{"line":98,"column":null}},"24":{"start":{"line":11,"column":0},"end":{"line":11,"column":21}}},"fnMap":{"0":{"name":"(anonymous_1)","decl":{"start":{"line":15,"column":0},"end":{"line":15,"column":5}},"loc":{"start":{"line":15,"column":65},"end":{"line":58,"column":1}}},"1":{"name":"(anonymous_2)","decl":{"start":{"line":60,"column":12},"end":{"line":60,"column":17}},"loc":{"start":{"line":60,"column":69},"end":{"line":85,"column":9}}},"2":{"name":"(anonymous_3)","decl":{"start":{"line":87,"column":12},"end":{"line":87,"column":30}},"loc":{"start":{"line":87,"column":55},"end":{"line":99,"column":9}}}},"branchMap":{"0":{"loc":{"start":{"line":32,"column":2},"end":{"line":34,"column":3}},"type":"if","locations":[{"start":{"line":32,"column":2},"end":{"line":34,"column":3}},{"start":{},"end":{}}]},"1":{"loc":{"start":{"line":32,"column":6},"end":{"line":32,"column":47}},"type":"binary-expr","locations":[{"start":{"line":32,"column":6},"end":{"line":32,"column":14}},{"start":{"line":32,"column":18},"end":{"line":32,"column":47}}]},"2":{"loc":{"start":{"line":37,"column":2},"end":{"line":39,"column":3}},"type":"if","locations":[{"start":{"line":37,"column":2},"end":{"line":39,"column":3}},{"start":{},"end":{}}]},"3":{"loc":{"start":{"line":75,"column":31},"end":{"line":76,"column":82}},"type":"cond-expr","locations":[{"start":{"line":76,"column":13},"end":{"line":76,"column":44}},{"start":{"line":76,"column":47},"end":{"line":76,"column":82}}]}},"s":{"0":5,"1":5,"2":5,"3":5,"4":5,"5":5,"6":5,"7":5,"8":5,"9":4,"10":4,"11":4,"12":2,"13":2,"14":2,"15":1,"16":1,"17":1,"18":1,"19":1,"20":1,"21":1,"22":1,"23":1,"24":5},"f":{"0":4,"1":1,"2":1},"b":{"0":[2,2],"1":[4,3],"2":[1,1],"3":[1,0]}}
,"C:\\Users\\andreson.vaz\\Documents\\ANDRESON GLIN\\INDT\\8 - TESTE\\PROJETO FINAL\\projeto-typescript-aula\\src\\services\\SensorService.ts": {"path":"C:\\Users\\andreson.vaz\\Documents\\ANDRESON GLIN\\INDT\\8 - TESTE\\PROJETO FINAL\\projeto-typescript-aula\\src\\services\\SensorService.ts","statementMap":{"0":{"start":{"line":1,"column":0},"end":{"line":1,"column":49}},"1":{"start":{"line":2,"column":0},"end":{"line":2,"column":61}},"2":{"start":{"line":3,"column":0},"end":{"line":3,"column":47}},"3":{"start":{"line":4,"column":0},"end":{"line":4,"column":39}},"4":{"start":{"line":7,"column":31},"end":{"line":7,"column":66}},"5":{"start":{"line":8,"column":29},"end":{"line":8,"column":62}},"6":{"start":{"line":11,"column":8},"end":{"line":11,"column":50}},"7":{"start":{"line":15,"column":29},"end":{"line":18,"column":10}},"8":{"start":{"line":20,"column":8},"end":{"line":22,"column":9}},"9":{"start":{"line":21,"column":12},"end":{"line":21,"column":84}},"10":{"start":{"line":23,"column":21},"end":{"line":25,"column":11}},"11":{"start":{"line":27,"column":9},"end":{"line":29,"column":10}},"12":{"start":{"line":28,"column":12},"end":{"line":28,"column":64}},"13":{"start":{"line":33,"column":27},"end":{"line":36,"column":11}},"14":{"start":{"line":37,"column":8},"end":{"line":37,"column":53}},"15":{"start":{"line":38,"column":8},"end":{"line":38,"column":26}},"16":{"start":{"line":42,"column":29},"end":{"line":42,"column":74}},"17":{"start":{"line":44,"column":8},"end":{"line":46,"column":9}},"18":{"start":{"line":45,"column":12},"end":{"line":45,"column":62}},"19":{"start":{"line":48,"column":23},"end":{"line":48,"column":57}},"20":{"start":{"line":49,"column":29},"end":{"line":49,"column":78}},"21":{"start":{"line":51,"column":8},"end":{"line":51,"column":55}},"22":{"start":{"line":52,"column":8},"end":{"line":52,"column":28}},"23":{"start":{"line":56,"column":23},"end":{"line":56,"column":68}},"24":{"start":{"line":58,"column":8},"end":{"line":60,"column":9}},"25":{"start":{"line":59,"column":12},"end":{"line":59,"column":61}},"26":{"start":{"line":62,"column":8},"end":{"line":62,"column":51}},"27":{"start":{"line":66,"column":0},"end":{"line":66,"column":29}}},"fnMap":{"0":{"name":"(anonymous_1)","decl":{"start":{"line":10,"column":11},"end":{"line":10,"column":16}},"loc":{"start":{"line":10,"column":30},"end":{"line":12,"column":5}}},"1":{"name":"(anonymous_2)","decl":{"start":{"line":14,"column":11},"end":{"line":14,"column":16}},"loc":{"start":{"line":14,"column":36},"end":{"line":39,"column":5}}},"2":{"name":"(anonymous_3)","decl":{"start":{"line":41,"column":11},"end":{"line":41,"column":16}},"loc":{"start":{"line":41,"column":63},"end":{"line":53,"column":5}}},"3":{"name":"(anonymous_4)","decl":{"start":{"line":55,"column":11},"end":{"line":55,"column":16}},"loc":{"start":{"line":55,"column":40},"end":{"line":63,"column":5}}}},"branchMap":{"0":{"loc":{"start":{"line":20,"column":8},"end":{"line":22,"column":9}},"type":"if","locations":[{"start":{"line":20,"column":8},"end":{"line":22,"column":9}},{"start":{},"end":{}}]},"1":{"loc":{"start":{"line":27,"column":9},"end":{"line":29,"column":10}},"type":"if","locations":[{"start":{"line":27,"column":9},"end":{"line":29,"column":10}},{"start":{},"end":{}}]},"2":{"loc":{"start":{"line":44,"column":8},"end":{"line":46,"column":9}},"type":"if","locations":[{"start":{"line":44,"column":8},"end":{"line":46,"column":9}},{"start":{},"end":{}}]},"3":{"loc":{"start":{"line":58,"column":8},"end":{"line":60,"column":9}},"type":"if","locations":[{"start":{"line":58,"column":8},"end":{"line":60,"column":9}},{"start":{},"end":{}}]}},"s":{"0":5,"1":5,"2":5,"3":5,"4":12,"5":12,"6":2,"7":18,"8":18,"9":1,"10":17,"11":17,"12":8,"13":9,"14":9,"15":9,"16":3,"17":3,"18":2,"19":1,"20":1,"21":1,"22":1,"23":4,"24":4,"25":2,"26":2,"27":5},"f":{"0":2,"1":18,"2":3,"3":4},"b":{"0":[1,17],"1":[8,9],"2":[2,1],"3":[2,2]}}
,"C:\\Users\\andreson.vaz\\Documents\\ANDRESON GLIN\\INDT\\8 - TESTE\\PROJETO FINAL\\projeto-typescript-aula\\src\\utils\\asyncError.ts": {"path":"C:\\Users\\andreson.vaz\\Documents\\ANDRESON GLIN\\INDT\\8 - TESTE\\PROJETO FINAL\\projeto-typescript-aula\\src\\utils\\asyncError.ts","statementMap":{"0":{"start":{"line":4,"column":2},"end":{"line":6,"column":51}},"1":{"start":{"line":5,"column":2},"end":{"line":6,"column":51}},"2":{"start":{"line":6,"column":4},"end":{"line":6,"column":51}},"3":{"start":{"line":3,"column":13},"end":{"line":3,"column":null}}},"fnMap":{"0":{"name":"(anonymous_0)","decl":{"start":{"line":4,"column":2},"end":{"line":4,"column":3}},"loc":{"start":{"line":5,"column":2},"end":{"line":6,"column":51}}},"1":{"name":"(anonymous_1)","decl":{"start":{"line":5,"column":2},"end":{"line":5,"column":3}},"loc":{"start":{"line":6,"column":4},"end":{"line":6,"column":51}}}},"branchMap":{},"s":{"0":4,"1":4,"2":0,"3":4},"f":{"0":4,"1":0},"b":{}}
,"C:\\Users\\andreson.vaz\\Documents\\ANDRESON GLIN\\INDT\\8 - TESTE\\PROJETO FINAL\\projeto-typescript-aula\\src\\validats\\createAreaSchema.ts": {"path":"C:\\Users\\andreson.vaz\\Documents\\ANDRESON GLIN\\INDT\\8 - TESTE\\PROJETO FINAL\\projeto-typescript-aula\\src\\validats\\createAreaSchema.ts","statementMap":{"0":{"start":{"line":1,"column":0},"end":{"line":1,"column":24}},"1":{"start":{"line":3,"column":13},"end":{"line":51,"column":3}},"2":{"start":{"line":5,"column":18},"end":{"line":5,"column":46}},"3":{"start":{"line":12,"column":18},"end":{"line":12,"column":62}},"4":{"start":{"line":17,"column":18},"end":{"line":17,"column":46}},"5":{"start":{"line":24,"column":18},"end":{"line":24,"column":46}},"6":{"start":{"line":31,"column":18},"end":{"line":31,"column":46}},"7":{"start":{"line":38,"column":18},"end":{"line":38,"column":46}},"8":{"start":{"line":43,"column":18},"end":{"line":43,"column":46}},"9":{"start":{"line":48,"column":18},"end":{"line":48,"column":62}}},"fnMap":{"0":{"name":"(anonymous_0)","decl":{"start":{"line":5,"column":8},"end":{"line":5,"column":9}},"loc":{"start":{"line":5,"column":18},"end":{"line":5,"column":46}}},"1":{"name":"(anonymous_1)","decl":{"start":{"line":12,"column":8},"end":{"line":12,"column":9}},"loc":{"start":{"line":12,"column":18},"end":{"line":12,"column":62}}},"2":{"name":"(anonymous_2)","decl":{"start":{"line":17,"column":8},"end":{"line":17,"column":9}},"loc":{"start":{"line":17,"column":18},"end":{"line":17,"column":46}}},"3":{"name":"(anonymous_3)","decl":{"start":{"line":24,"column":8},"end":{"line":24,"column":9}},"loc":{"start":{"line":24,"column":18},"end":{"line":24,"column":46}}},"4":{"name":"(anonymous_4)","decl":{"start":{"line":31,"column":8},"end":{"line":31,"column":9}},"loc":{"start":{"line":31,"column":18},"end":{"line":31,"column":46}}},"5":{"name":"(anonymous_5)","decl":{"start":{"line":38,"column":8},"end":{"line":38,"column":9}},"loc":{"start":{"line":38,"column":18},"end":{"line":38,"column":46}}},"6":{"name":"(anonymous_6)","decl":{"start":{"line":43,"column":8},"end":{"line":43,"column":9}},"loc":{"start":{"line":43,"column":18},"end":{"line":43,"column":46}}},"7":{"name":"(anonymous_7)","decl":{"start":{"line":48,"column":8},"end":{"line":48,"column":9}},"loc":{"start":{"line":48,"column":18},"end":{"line":48,"column":62}}}},"branchMap":{"0":{"loc":{"start":{"line":5,"column":18},"end":{"line":5,"column":46}},"type":"cond-expr","locations":[{"start":{"line":5,"column":38},"end":{"line":5,"column":40}},{"start":{"line":5,"column":43},"end":{"line":5,"column":46}}]},"1":{"loc":{"start":{"line":12,"column":18},"end":{"line":12,"column":62}},"type":"cond-expr","locations":[{"start":{"line":12,"column":47},"end":{"line":12,"column":56}},{"start":{"line":12,"column":59},"end":{"line":12,"column":62}}]},"2":{"loc":{"start":{"line":12,"column":18},"end":{"line":12,"column":44}},"type":"binary-expr","locations":[{"start":{"line":12,"column":18},"end":{"line":12,"column":28}},{"start":{"line":12,"column":32},"end":{"line":12,"column":44}}]},"3":{"loc":{"start":{"line":17,"column":18},"end":{"line":17,"column":46}},"type":"cond-expr","locations":[{"start":{"line":17,"column":38},"end":{"line":17,"column":40}},{"start":{"line":17,"column":43},"end":{"line":17,"column":46}}]},"4":{"loc":{"start":{"line":24,"column":18},"end":{"line":24,"column":46}},"type":"cond-expr","locations":[{"start":{"line":24,"column":38},"end":{"line":24,"column":40}},{"start":{"line":24,"column":43},"end":{"line":24,"column":46}}]},"5":{"loc":{"start":{"line":31,"column":18},"end":{"line":31,"column":46}},"type":"cond-expr","locations":[{"start":{"line":31,"column":38},"end":{"line":31,"column":40}},{"start":{"line":31,"column":43},"end":{"line":31,"column":46}}]},"6":{"loc":{"start":{"line":38,"column":18},"end":{"line":38,"column":46}},"type":"cond-expr","locations":[{"start":{"line":38,"column":38},"end":{"line":38,"column":40}},{"start":{"line":38,"column":43},"end":{"line":38,"column":46}}]},"7":{"loc":{"start":{"line":43,"column":18},"end":{"line":43,"column":46}},"type":"cond-expr","locations":[{"start":{"line":43,"column":38},"end":{"line":43,"column":40}},{"start":{"line":43,"column":43},"end":{"line":43,"column":46}}]},"8":{"loc":{"start":{"line":48,"column":18},"end":{"line":48,"column":62}},"type":"cond-expr","locations":[{"start":{"line":48,"column":47},"end":{"line":48,"column":56}},{"start":{"line":48,"column":59},"end":{"line":48,"column":62}}]},"9":{"loc":{"start":{"line":48,"column":18},"end":{"line":48,"column":44}},"type":"binary-expr","locations":[{"start":{"line":48,"column":18},"end":{"line":48,"column":28}},{"start":{"line":48,"column":32},"end":{"line":48,"column":44}}]}},"s":{"0":5,"1":5,"2":25,"3":25,"4":25,"5":25,"6":25,"7":25,"8":25,"9":25},"f":{"0":25,"1":25,"2":25,"3":25,"4":25,"5":25,"6":25,"7":25},"b":{"0":[1,24],"1":[0,25],"2":[25,25],"3":[0,25],"4":[1,24],"5":[1,24],"6":[1,24],"7":[1,24],"8":[0,25],"9":[25,25]}}
,"C:\\Users\\andreson.vaz\\Documents\\ANDRESON GLIN\\INDT\\8 - TESTE\\PROJETO FINAL\\projeto-typescript-aula\\src\\validats\\createLeituraSchema.ts": {"path":"C:\\Users\\andreson.vaz\\Documents\\ANDRESON GLIN\\INDT\\8 - TESTE\\PROJETO FINAL\\projeto-typescript-aula\\src\\validats\\createLeituraSchema.ts","statementMap":{"0":{"start":{"line":1,"column":0},"end":{"line":1,"column":24}},"1":{"start":{"line":3,"column":13},"end":{"line":21,"column":3}},"2":{"start":{"line":5,"column":18},"end":{"line":5,"column":46}},"3":{"start":{"line":12,"column":18},"end":{"line":12,"column":46}},"4":{"start":{"line":20,"column":24},"end":{"line":20,"column":46}}},"fnMap":{"0":{"name":"(anonymous_0)","decl":{"start":{"line":5,"column":8},"end":{"line":5,"column":9}},"loc":{"start":{"line":5,"column":18},"end":{"line":5,"column":46}}},"1":{"name":"(anonymous_1)","decl":{"start":{"line":12,"column":8},"end":{"line":12,"column":9}},"loc":{"start":{"line":12,"column":18},"end":{"line":12,"column":46}}},"2":{"name":"(anonymous_2)","decl":{"start":{"line":20,"column":14},"end":{"line":20,"column":15}},"loc":{"start":{"line":20,"column":24},"end":{"line":20,"column":46}}}},"branchMap":{"0":{"loc":{"start":{"line":5,"column":18},"end":{"line":5,"column":46}},"type":"cond-expr","locations":[{"start":{"line":5,"column":38},"end":{"line":5,"column":40}},{"start":{"line":5,"column":43},"end":{"line":5,"column":46}}]},"1":{"loc":{"start":{"line":12,"column":18},"end":{"line":12,"column":46}},"type":"cond-expr","locations":[{"start":{"line":12,"column":38},"end":{"line":12,"column":40}},{"start":{"line":12,"column":43},"end":{"line":12,"column":46}}]}},"s":{"0":5,"1":5,"2":12,"3":12,"4":10},"f":{"0":12,"1":12,"2":10},"b":{"0":[0,12],"1":[0,12]}}
,"C:\\Users\\andreson.vaz\\Documents\\ANDRESON GLIN\\INDT\\8 - TESTE\\PROJETO FINAL\\projeto-typescript-aula\\src\\validats\\createPesquisadorSchema.ts": {"path":"C:\\Users\\andreson.vaz\\Documents\\ANDRESON GLIN\\INDT\\8 - TESTE\\PROJETO FINAL\\projeto-typescript-aula\\src\\validats\\createPesquisadorSchema.ts","statementMap":{"0":{"start":{"line":1,"column":0},"end":{"line":1,"column":24}},"1":{"start":{"line":3,"column":13},"end":{"line":43,"column":3}},"2":{"start":{"line":5,"column":18},"end":{"line":5,"column":46}},"3":{"start":{"line":10,"column":18},"end":{"line":10,"column":60}},"4":{"start":{"line":14,"column":18},"end":{"line":14,"column":45}},"5":{"start":{"line":18,"column":18},"end":{"line":18,"column":46}},"6":{"start":{"line":27,"column":18},"end":{"line":27,"column":46}},"7":{"start":{"line":32,"column":18},"end":{"line":32,"column":62}},"8":{"start":{"line":37,"column":18},"end":{"line":37,"column":67}},"9":{"start":{"line":40,"column":29},"end":{"line":40,"column":52}}},"fnMap":{"0":{"name":"(anonymous_0)","decl":{"start":{"line":5,"column":8},"end":{"line":5,"column":9}},"loc":{"start":{"line":5,"column":18},"end":{"line":5,"column":46}}},"1":{"name":"(anonymous_1)","decl":{"start":{"line":10,"column":8},"end":{"line":10,"column":9}},"loc":{"start":{"line":10,"column":18},"end":{"line":10,"column":60}}},"2":{"name":"(anonymous_2)","decl":{"start":{"line":14,"column":8},"end":{"line":14,"column":9}},"loc":{"start":{"line":14,"column":18},"end":{"line":14,"column":45}}},"3":{"name":"(anonymous_3)","decl":{"start":{"line":18,"column":8},"end":{"line":18,"column":9}},"loc":{"start":{"line":18,"column":18},"end":{"line":18,"column":46}}},"4":{"name":"(anonymous_4)","decl":{"start":{"line":27,"column":8},"end":{"line":27,"column":9}},"loc":{"start":{"line":27,"column":18},"end":{"line":27,"column":46}}},"5":{"name":"(anonymous_5)","decl":{"start":{"line":32,"column":8},"end":{"line":32,"column":9}},"loc":{"start":{"line":32,"column":18},"end":{"line":32,"column":62}}},"6":{"name":"(anonymous_6)","decl":{"start":{"line":37,"column":8},"end":{"line":37,"column":9}},"loc":{"start":{"line":37,"column":18},"end":{"line":37,"column":67}}},"7":{"name":"(anonymous_7)","decl":{"start":{"line":40,"column":20},"end":{"line":40,"column":21}},"loc":{"start":{"line":40,"column":29},"end":{"line":40,"column":52}}}},"branchMap":{"0":{"loc":{"start":{"line":5,"column":18},"end":{"line":5,"column":46}},"type":"cond-expr","locations":[{"start":{"line":5,"column":38},"end":{"line":5,"column":40}},{"start":{"line":5,"column":43},"end":{"line":5,"column":46}}]},"1":{"loc":{"start":{"line":10,"column":18},"end":{"line":10,"column":60}},"type":"cond-expr","locations":[{"start":{"line":10,"column":38},"end":{"line":10,"column":54}},{"start":{"line":10,"column":57},"end":{"line":10,"column":60}}]},"2":{"loc":{"start":{"line":14,"column":18},"end":{"line":14,"column":45}},"type":"cond-expr","locations":[{"start":{"line":14,"column":38},"end":{"line":14,"column":40}},{"start":{"line":14,"column":42},"end":{"line":14,"column":45}}]},"3":{"loc":{"start":{"line":18,"column":18},"end":{"line":18,"column":46}},"type":"cond-expr","locations":[{"start":{"line":18,"column":38},"end":{"line":18,"column":40}},{"start":{"line":18,"column":43},"end":{"line":18,"column":46}}]},"4":{"loc":{"start":{"line":27,"column":18},"end":{"line":27,"column":46}},"type":"cond-expr","locations":[{"start":{"line":27,"column":38},"end":{"line":27,"column":40}},{"start":{"line":27,"column":43},"end":{"line":27,"column":46}}]},"5":{"loc":{"start":{"line":32,"column":18},"end":{"line":32,"column":62}},"type":"cond-expr","locations":[{"start":{"line":32,"column":47},"end":{"line":32,"column":56}},{"start":{"line":32,"column":59},"end":{"line":32,"column":62}}]},"6":{"loc":{"start":{"line":32,"column":18},"end":{"line":32,"column":44}},"type":"binary-expr","locations":[{"start":{"line":32,"column":18},"end":{"line":32,"column":28}},{"start":{"line":32,"column":32},"end":{"line":32,"column":44}}]},"7":{"loc":{"start":{"line":37,"column":18},"end":{"line":37,"column":67}},"type":"cond-expr","locations":[{"start":{"line":37,"column":52},"end":{"line":37,"column":61}},{"start":{"line":37,"column":64},"end":{"line":37,"column":67}}]},"8":{"loc":{"start":{"line":37,"column":18},"end":{"line":37,"column":49}},"type":"binary-expr","locations":[{"start":{"line":37,"column":18},"end":{"line":37,"column":35}},{"start":{"line":37,"column":39},"end":{"line":37,"column":49}}]}},"s":{"0":5,"1":5,"2":12,"3":12,"4":12,"5":12,"6":12,"7":12,"8":12,"9":10},"f":{"0":12,"1":12,"2":12,"3":12,"4":12,"5":12,"6":12,"7":10},"b":{"0":[0,12],"1":[2,10],"2":[2,10],"3":[2,10],"4":[2,10],"5":[0,12],"6":[12,12],"7":[2,10],"8":[12,10]}}
,"C:\\Users\\andreson.vaz\\Documents\\ANDRESON GLIN\\INDT\\8 - TESTE\\PROJETO FINAL\\projeto-typescript-aula\\src\\validats\\createSensorSchema.ts": {"path":"C:\\Users\\andreson.vaz\\Documents\\ANDRESON GLIN\\INDT\\8 - TESTE\\PROJETO FINAL\\projeto-typescript-aula\\src\\validats\\createSensorSchema.ts","statementMap":{"0":{"start":{"line":1,"column":0},"end":{"line":1,"column":24}},"1":{"start":{"line":3,"column":13},"end":{"line":64,"column":3}},"2":{"start":{"line":5,"column":18},"end":{"line":5,"column":46}},"3":{"start":{"line":10,"column":18},"end":{"line":10,"column":46}},"4":{"start":{"line":15,"column":18},"end":{"line":15,"column":46}},"5":{"start":{"line":20,"column":18},"end":{"line":20,"column":46}},"6":{"start":{"line":25,"column":18},"end":{"line":25,"column":46}},"7":{"start":{"line":32,"column":18},"end":{"line":32,"column":62}},"8":{"start":{"line":41,"column":18},"end":{"line":41,"column":62}},"9":{"start":{"line":46,"column":18},"end":{"line":46,"column":46}},"10":{"start":{"line":51,"column":18},"end":{"line":51,"column":46}},"11":{"start":{"line":56,"column":18},"end":{"line":56,"column":46}},"12":{"start":{"line":61,"column":18},"end":{"line":61,"column":62}}},"fnMap":{"0":{"name":"(anonymous_0)","decl":{"start":{"line":5,"column":8},"end":{"line":5,"column":9}},"loc":{"start":{"line":5,"column":18},"end":{"line":5,"column":46}}},"1":{"name":"(anonymous_1)","decl":{"start":{"line":10,"column":8},"end":{"line":10,"column":9}},"loc":{"start":{"line":10,"column":18},"end":{"line":10,"column":46}}},"2":{"name":"(anonymous_2)","decl":{"start":{"line":15,"column":8},"end":{"line":15,"column":9}},"loc":{"start":{"line":15,"column":18},"end":{"line":15,"column":46}}},"3":{"name":"(anonymous_3)","decl":{"start":{"line":20,"column":8},"end":{"line":20,"column":9}},"loc":{"start":{"line":20,"column":18},"end":{"line":20,"column":46}}},"4":{"name":"(anonymous_4)","decl":{"start":{"line":25,"column":8},"end":{"line":25,"column":9}},"loc":{"start":{"line":25,"column":18},"end":{"line":25,"column":46}}},"5":{"name":"(anonymous_5)","decl":{"start":{"line":32,"column":8},"end":{"line":32,"column":9}},"loc":{"start":{"line":32,"column":18},"end":{"line":32,"column":62}}},"6":{"name":"(anonymous_6)","decl":{"start":{"line":41,"column":8},"end":{"line":41,"column":9}},"loc":{"start":{"line":41,"column":18},"end":{"line":41,"column":62}}},"7":{"name":"(anonymous_7)","decl":{"start":{"line":46,"column":8},"end":{"line":46,"column":9}},"loc":{"start":{"line":46,"column":18},"end":{"line":46,"column":46}}},"8":{"name":"(anonymous_8)","decl":{"start":{"line":51,"column":8},"end":{"line":51,"column":9}},"loc":{"start":{"line":51,"column":18},"end":{"line":51,"column":46}}},"9":{"name":"(anonymous_9)","decl":{"start":{"line":56,"column":8},"end":{"line":56,"column":9}},"loc":{"start":{"line":56,"column":18},"end":{"line":56,"column":46}}},"10":{"name":"(anonymous_10)","decl":{"start":{"line":61,"column":8},"end":{"line":61,"column":9}},"loc":{"start":{"line":61,"column":18},"end":{"line":61,"column":62}}}},"branchMap":{"0":{"loc":{"start":{"line":5,"column":18},"end":{"line":5,"column":46}},"type":"cond-expr","locations":[{"start":{"line":5,"column":38},"end":{"line":5,"column":40}},{"start":{"line":5,"column":43},"end":{"line":5,"column":46}}]},"1":{"loc":{"start":{"line":10,"column":18},"end":{"line":10,"column":46}},"type":"cond-expr","locations":[{"start":{"line":10,"column":38},"end":{"line":10,"column":40}},{"start":{"line":10,"column":43},"end":{"line":10,"column":46}}]},"2":{"loc":{"start":{"line":15,"column":18},"end":{"line":15,"column":46}},"type":"cond-expr","locations":[{"start":{"line":15,"column":38},"end":{"line":15,"column":40}},{"start":{"line":15,"column":43},"end":{"line":15,"column":46}}]},"3":{"loc":{"start":{"line":20,"column":18},"end":{"line":20,"column":46}},"type":"cond-expr","locations":[{"start":{"line":20,"column":38},"end":{"line":20,"column":40}},{"start":{"line":20,"column":43},"end":{"line":20,"column":46}}]},"4":{"loc":{"start":{"line":25,"column":18},"end":{"line":25,"column":46}},"type":"cond-expr","locations":[{"start":{"line":25,"column":38},"end":{"line":25,"column":40}},{"start":{"line":25,"column":43},"end":{"line":25,"column":46}}]},"5":{"loc":{"start":{"line":32,"column":18},"end":{"line":32,"column":62}},"type":"cond-expr","locations":[{"start":{"line":32,"column":47},"end":{"line":32,"column":56}},{"start":{"line":32,"column":59},"end":{"line":32,"column":62}}]},"6":{"loc":{"start":{"line":32,"column":18},"end":{"line":32,"column":44}},"type":"binary-expr","locations":[{"start":{"line":32,"column":18},"end":{"line":32,"column":28}},{"start":{"line":32,"column":32},"end":{"line":32,"column":44}}]},"7":{"loc":{"start":{"line":41,"column":18},"end":{"line":41,"column":62}},"type":"cond-expr","locations":[{"start":{"line":41,"column":47},"end":{"line":41,"column":56}},{"start":{"line":41,"column":59},"end":{"line":41,"column":62}}]},"8":{"loc":{"start":{"line":41,"column":18},"end":{"line":41,"column":44}},"type":"binary-expr","locations":[{"start":{"line":41,"column":18},"end":{"line":41,"column":28}},{"start":{"line":41,"column":32},"end":{"line":41,"column":44}}]},"9":{"loc":{"start":{"line":46,"column":18},"end":{"line":46,"column":46}},"type":"cond-expr","locations":[{"start":{"line":46,"column":38},"end":{"line":46,"column":40}},{"start":{"line":46,"column":43},"end":{"line":46,"column":46}}]},"10":{"loc":{"start":{"line":51,"column":18},"end":{"line":51,"column":46}},"type":"cond-expr","locations":[{"start":{"line":51,"column":38},"end":{"line":51,"column":40}},{"start":{"line":51,"column":43},"end":{"line":51,"column":46}}]},"11":{"loc":{"start":{"line":56,"column":18},"end":{"line":56,"column":46}},"type":"cond-expr","locations":[{"start":{"line":56,"column":38},"end":{"line":56,"column":40}},{"start":{"line":56,"column":43},"end":{"line":56,"column":46}}]},"12":{"loc":{"start":{"line":61,"column":18},"end":{"line":61,"column":62}},"type":"cond-expr","locations":[{"start":{"line":61,"column":47},"end":{"line":61,"column":56}},{"start":{"line":61,"column":59},"end":{"line":61,"column":62}}]},"13":{"loc":{"start":{"line":61,"column":18},"end":{"line":61,"column":44}},"type":"binary-expr","locations":[{"start":{"line":61,"column":18},"end":{"line":61,"column":28}},{"start":{"line":61,"column":32},"end":{"line":61,"column":44}}]}},"s":{"0":5,"1":5,"2":22,"3":22,"4":22,"5":22,"6":22,"7":22,"8":22,"9":22,"10":22,"11":22,"12":22},"f":{"0":22,"1":22,"2":22,"3":22,"4":22,"5":22,"6":22,"7":22,"8":22,"9":22,"10":22},"b":{"0":[1,21],"1":[1,21],"2":[1,21],"3":[1,21],"4":[1,21],"5":[1,21],"6":[22,21],"7":[0,22],"8":[22,22],"9":[1,21],"10":[1,21],"11":[1,21],"12":[1,21],"13":[22,21]}}
}
