TN:
SF:src\app.ts
FN:34,(anonymous_1)
FNF:1
FNH:0
FNDA:0,(anonymous_1)
DA:1,4
DA:2,4
DA:3,4
DA:4,4
DA:5,4
DA:6,4
DA:7,4
DA:9,4
DA:10,4
DA:12,4
DA:14,4
DA:16,4
DA:21,4
DA:23,4
DA:28,4
DA:29,4
DA:30,4
DA:32,4
DA:34,4
DA:35,0
DA:38,4
DA:40,4
LF:22
LH:21
BRF:0
BRH:0
end_of_record
TN:
SF:src\config\jwt.config.ts
FN:17,getEnvOrThrow
FNF:1
FNH:1
FNDA:24,getEnvOrThrow
DA:1,6
DA:4,6
DA:18,24
DA:19,24
DA:20,0
DA:22,24
DA:25,6
LF:7
LH:6
BRDA:19,0,0,0
BRDA:19,0,1,24
BRF:2
BRH:1
end_of_record
TN:
SF:src\controllers\AreaController.ts
FN:7,(anonymous_0)
FN:11,(anonymous_1)
FN:16,(anonymous_2)
FN:22,(anonymous_3)
FN:29,(anonymous_4)
FN:34,(anonymous_5)
FN:40,(anonymous_6)
FN:46,(anonymous_7)
FNF:8
FNH:6
FNDA:4,(anonymous_0)
FNDA:1,(anonymous_1)
FNDA:2,(anonymous_2)
FNDA:0,(anonymous_3)
FNDA:19,(anonymous_4)
FNDA:2,(anonymous_5)
FNDA:1,(anonymous_6)
FNDA:0,(anonymous_7)
DA:4,4
DA:8,4
DA:12,1
DA:13,1
DA:17,2
DA:18,2
DA:19,1
DA:23,0
DA:24,0
DA:26,0
DA:30,19
DA:31,19
DA:35,2
DA:36,2
DA:37,1
DA:41,1
DA:42,1
DA:43,0
DA:48,0
DA:49,0
DA:50,0
LF:21
LH:14
BRF:0
BRH:0
end_of_record
TN:
SF:src\controllers\AuthController.ts
FN:12,(anonymous_0)
FN:18,(anonymous_1)
FN:28,(anonymous_2)
FN:38,(anonymous_3)
FNF:4
FNH:1
FNDA:4,(anonymous_0)
FNDA:0,(anonymous_1)
FNDA:0,(anonymous_2)
FNDA:0,(anonymous_3)
DA:6,4
DA:13,4
DA:14,4
DA:15,4
DA:19,0
DA:20,0
DA:21,0
DA:23,0
DA:24,0
DA:29,0
DA:30,0
DA:31,0
DA:33,0
DA:34,0
DA:39,0
DA:40,0
DA:41,0
LF:17
LH:4
BRDA:19,0,0,0
BRDA:19,0,1,0
BRDA:30,1,0,0
BRDA:30,1,1,0
BRF:4
BRH:0
end_of_record
TN:
SF:src\controllers\LeituraController.ts
FN:7,(anonymous_0)
FN:11,(anonymous_1)
FN:16,(anonymous_2)
FN:22,(anonymous_3)
FN:28,(anonymous_4)
FN:35,(anonymous_5)
FN:41,(anonymous_6)
FNF:7
FNH:6
FNDA:4,(anonymous_0)
FNDA:1,(anonymous_1)
FNDA:2,(anonymous_2)
FNDA:6,(anonymous_3)
FNDA:2,(anonymous_4)
FNDA:2,(anonymous_5)
FNDA:0,(anonymous_6)
DA:4,4
DA:8,4
DA:12,1
DA:13,1
DA:17,2
DA:18,2
DA:19,0
DA:23,6
DA:24,6
DA:25,2
DA:29,2
DA:30,2
DA:31,2
DA:32,1
DA:36,2
DA:37,2
DA:38,1
DA:45,0
DA:46,0
DA:48,0
DA:50,0
LF:21
LH:16
BRDA:46,0,0,0
BRDA:46,0,1,0
BRF:2
BRH:0
end_of_record
TN:
SF:src\controllers\PesquisadorController.ts
FN:8,(anonymous_0)
FN:12,(anonymous_1)
FN:17,(anonymous_2)
FN:23,(anonymous_3)
FN:29,(anonymous_4)
FN:36,(anonymous_5)
FNF:6
FNH:6
FNDA:4,(anonymous_0)
FNDA:1,(anonymous_1)
FNDA:2,(anonymous_2)
FNDA:7,(anonymous_3)
FNDA:2,(anonymous_4)
FNDA:2,(anonymous_5)
DA:4,4
DA:9,4
DA:13,1
DA:14,1
DA:18,2
DA:19,2
DA:20,1
DA:24,7
DA:25,7
DA:26,6
DA:30,2
DA:31,2
DA:32,2
DA:33,1
DA:37,2
DA:38,2
DA:39,1
LF:17
LH:17
BRF:0
BRH:0
end_of_record
TN:
SF:src\controllers\SensorController.ts
FN:7,(anonymous_0)
FN:11,(anonymous_1)
FN:16,(anonymous_2)
FN:21,(anonymous_3)
FN:27,(anonymous_4)
FNF:5
FNH:5
FNDA:4,(anonymous_0)
FNDA:1,(anonymous_1)
FNDA:15,(anonymous_2)
FNDA:1,(anonymous_3)
FNDA:2,(anonymous_4)
DA:4,4
DA:8,4
DA:12,1
DA:13,1
DA:17,15
DA:18,8
DA:22,1
DA:23,1
DA:24,0
DA:28,2
DA:29,2
DA:30,1
LF:12
LH:11
BRF:0
BRH:0
end_of_record
TN:
SF:src\database\appDataSource.ts
FNF:0
FNH:0
DA:1,4
DA:2,4
DA:3,4
DA:4,4
DA:5,4
DA:6,4
DA:7,4
DA:9,4
DA:11,4
LF:9
LH:9
BRF:0
BRH:0
end_of_record
TN:
SF:src\entities\Area.ts
FN:35,(anonymous_2)
FN:35,(anonymous_3)
FNF:2
FNH:2
FNDA:4,(anonymous_2)
FNDA:4,(anonymous_3)
DA:1,7
DA:2,7
DA:6,7
DA:8,7
DA:11,7
DA:14,7
DA:17,7
DA:20,7
DA:23,7
DA:26,7
DA:29,7
DA:32,7
DA:35,4
DA:36,7
LF:14
LH:14
BRF:0
BRH:0
end_of_record
TN:
SF:src\entities\Leitura.ts
FN:18,(anonymous_2)
FN:18,(anonymous_3)
FNF:2
FNH:2
FNDA:4,(anonymous_2)
FNDA:4,(anonymous_3)
DA:1,7
DA:2,7
DA:5,7
DA:7,7
DA:10,7
DA:13,7
DA:16,7
DA:18,4
DA:20,7
LF:9
LH:9
BRDA:16,0,0,7
BRDA:16,0,1,0
BRDA:16,1,0,7
BRDA:16,1,1,7
BRF:4
BRH:3
end_of_record
TN:
SF:src\entities\Pesquisador.ts
FNF:0
FNH:0
DA:1,7
DA:4,7
DA:7,7
DA:10,7
DA:13,7
DA:16,7
DA:19,7
DA:22,7
DA:25,7
DA:28,7
DA:31,7
LF:11
LH:11
BRDA:31,0,0,7
BRDA:31,0,1,0
BRDA:31,1,0,7
BRDA:31,1,1,7
BRF:4
BRH:3
end_of_record
TN:
SF:src\entities\RefreshToken.ts
FN:31,(anonymous_3)
FNF:1
FNH:1
FNDA:4,(anonymous_3)
DA:1,6
DA:2,6
DA:5,6
DA:8,6
DA:11,6
DA:14,6
DA:17,6
DA:20,6
DA:23,6
DA:26,6
DA:29,6
DA:31,4
DA:32,6
DA:35,6
LF:14
LH:14
BRDA:26,0,0,6
BRDA:26,0,1,0
BRDA:26,1,0,6
BRDA:26,1,1,6
BRDA:35,2,0,6
BRDA:35,2,1,0
BRDA:35,3,0,6
BRDA:35,3,1,6
BRF:8
BRH:6
end_of_record
TN:
SF:src\entities\Sensor.ts
FN:43,(anonymous_3)
FN:43,(anonymous_4)
FN:47,(anonymous_5)
FN:47,(anonymous_6)
FNF:4
FNH:4
FNDA:4,(anonymous_3)
FNDA:4,(anonymous_4)
FNDA:4,(anonymous_5)
FNDA:4,(anonymous_6)
DA:1,7
DA:2,7
DA:3,7
DA:6,7
DA:8,7
DA:11,7
DA:14,7
DA:17,7
DA:20,7
DA:23,7
DA:26,7
DA:29,7
DA:32,7
DA:35,7
DA:38,7
DA:41,7
DA:43,4
DA:45,7
DA:47,4
DA:48,7
DA:51,7
LF:21
LH:21
BRDA:29,0,0,7
BRDA:29,0,1,0
BRDA:29,1,0,7
BRDA:29,1,1,7
BRDA:32,2,0,7
BRDA:32,2,1,0
BRDA:32,3,0,7
BRDA:32,3,1,7
BRF:8
BRH:6
end_of_record
TN:
SF:src\errors\AppError.ts
FN:5,(anonymous_0)
FNF:1
FNH:1
FNDA:44,(anonymous_0)
DA:1,10
DA:6,44
DA:7,44
DA:8,44
LF:4
LH:4
BRF:0
BRH:0
end_of_record
TN:
SF:src\middleware\authMidd.ts
FN:10,(anonymous_1)
FNF:1
FNH:0
FNDA:0,(anonymous_1)
DA:2,4
DA:3,4
DA:4,4
DA:10,4
DA:12,0
DA:14,0
DA:16,0
DA:17,0
DA:20,0
DA:22,0
DA:23,0
DA:26,0
DA:27,0
DA:30,0
LF:14
LH:4
BRDA:16,0,0,0
BRDA:16,0,1,0
BRDA:22,1,0,0
BRDA:22,1,1,0
BRF:4
BRH:0
end_of_record
TN:
SF:src\middleware\errorHandler.ts
FN:11,(anonymous_1)
FNF:1
FNH:1
FNDA:24,(anonymous_1)
DA:2,4
DA:3,4
DA:5,4
DA:11,4
DA:12,24
DA:14,24
DA:15,23
DA:20,1
DA:29,4
LF:9
LH:9
BRDA:14,0,0,23
BRDA:14,0,1,1
BRF:2
BRH:2
end_of_record
TN:
SF:src\middleware\validarBody.ts
FN:4,(anonymous_0)
FN:5,(anonymous_1)
FN:18,(anonymous_2)
FNF:3
FNH:3
FNDA:20,(anonymous_0)
FNDA:50,(anonymous_1)
FNDA:13,(anonymous_2)
DA:2,4
DA:4,4
DA:5,20
DA:7,50
DA:9,50
DA:11,47
DA:15,3
DA:16,3
DA:18,13
DA:26,0
LF:10
LH:9
BRDA:15,0,0,3
BRDA:15,0,1,0
BRF:2
BRH:1
end_of_record
TN:
SF:src\routes\areaRouter.ts
FN:12,(anonymous_1)
FN:13,(anonymous_2)
FN:14,(anonymous_3)
FN:15,(anonymous_4)
FN:16,(anonymous_5)
FN:17,(anonymous_6)
FNF:6
FNH:5
FNDA:19,(anonymous_1)
FNDA:1,(anonymous_2)
FNDA:2,(anonymous_3)
FNDA:2,(anonymous_4)
FNDA:1,(anonymous_5)
FNDA:0,(anonymous_6)
DA:1,4
DA:2,4
DA:3,4
DA:4,4
DA:5,4
DA:8,4
DA:9,4
DA:10,4
DA:12,19
DA:13,4
DA:14,4
DA:15,4
DA:16,4
DA:17,4
DA:18,4
LF:15
LH:15
BRF:0
BRH:0
end_of_record
TN:
SF:src\routes\authRoutes.ts
FN:18,(anonymous_1)
FN:19,(anonymous_2)
FNF:2
FNH:0
FNDA:0,(anonymous_1)
FNDA:0,(anonymous_2)
DA:1,4
DA:2,4
DA:3,4
DA:4,4
DA:5,4
DA:6,4
DA:9,4
DA:10,4
DA:11,4
DA:13,4
DA:15,4
DA:17,4
DA:18,4
DA:19,4
DA:21,4
LF:15
LH:15
BRF:0
BRH:0
end_of_record
TN:
SF:src\routes\index.routes.ts
FNF:0
FNH:0
DA:1,4
DA:2,4
DA:3,4
DA:4,4
DA:5,4
DA:6,4
DA:9,4
DA:11,4
DA:12,4
DA:13,4
DA:14,4
DA:15,4
DA:17,4
LF:13
LH:13
BRF:0
BRH:0
end_of_record
TN:
SF:src\routes\leituraRouter.ts
FN:11,(anonymous_1)
FN:12,(anonymous_2)
FN:13,(anonymous_3)
FN:14,(anonymous_4)
FN:15,(anonymous_5)
FN:16,(anonymous_6)
FNF:6
FNH:5
FNDA:6,(anonymous_1)
FNDA:1,(anonymous_2)
FNDA:2,(anonymous_3)
FNDA:2,(anonymous_4)
FNDA:2,(anonymous_5)
FNDA:0,(anonymous_6)
DA:1,4
DA:2,4
DA:3,4
DA:4,4
DA:5,4
DA:7,4
DA:8,4
DA:9,4
DA:11,6
DA:12,4
DA:13,4
DA:14,4
DA:15,4
DA:16,4
DA:18,4
LF:15
LH:15
BRF:0
BRH:0
end_of_record
TN:
SF:src\routes\pesquisadorRoutes.ts
FN:11,(anonymous_1)
FN:12,(anonymous_2)
FN:13,(anonymous_3)
FN:14,(anonymous_4)
FN:15,(anonymous_5)
FN:16,(anonymous_6)
FNF:6
FNH:5
FNDA:7,(anonymous_1)
FNDA:0,(anonymous_2)
FNDA:1,(anonymous_3)
FNDA:2,(anonymous_4)
FNDA:2,(anonymous_5)
FNDA:2,(anonymous_6)
DA:1,4
DA:2,4
DA:3,4
DA:4,4
DA:5,4
DA:7,4
DA:8,4
DA:9,4
DA:11,7
DA:12,4
DA:13,4
DA:14,4
DA:15,4
DA:16,4
DA:18,4
LF:15
LH:15
BRF:0
BRH:0
end_of_record
TN:
SF:src\routes\sensorRoutes.ts
FN:16,(anonymous_1)
FN:17,(anonymous_2)
FN:18,(anonymous_3)
FN:19,(anonymous_4)
FNF:4
FNH:4
FNDA:1,(anonymous_1)
FNDA:15,(anonymous_2)
FNDA:1,(anonymous_3)
FNDA:2,(anonymous_4)
DA:1,4
DA:2,4
DA:3,4
DA:4,4
DA:6,4
DA:7,4
DA:9,4
DA:10,4
DA:11,4
DA:16,4
DA:17,15
DA:18,4
DA:19,4
DA:21,4
LF:14
LH:14
BRF:0
BRH:0
end_of_record
TN:
SF:src\services\AreaService.ts
FN:8,(anonymous_1)
FN:12,(anonymous_2)
FN:21,(anonymous_3)
FN:28,(anonymous_4)
FN:42,(anonymous_5)
FN:50,(anonymous_6)
FN:58,(anonymous_7)
FN:73,(anonymous_8)
FN:78,(anonymous_9)
FN:90,(anonymous_10)
FNF:10
FNH:5
FNDA:2,(anonymous_1)
FNDA:4,(anonymous_2)
FNDA:20,(anonymous_3)
FNDA:0,(anonymous_4)
FNDA:0,(anonymous_5)
FNDA:0,(anonymous_6)
FNDA:0,(anonymous_7)
FNDA:0,(anonymous_8)
FNDA:4,(anonymous_9)
FNDA:3,(anonymous_10)
DA:1,5
DA:2,5
DA:3,5
DA:6,12
DA:9,2
DA:13,4
DA:14,4
DA:15,4
DA:16,2
DA:18,2
DA:22,20
DA:23,20
DA:24,20
DA:29,0
DA:43,0
DA:44,0
DA:45,0
DA:46,0
DA:47,0
DA:50,0
DA:51,0
DA:60,0
DA:69,0
DA:70,0
DA:73,0
DA:75,0
DA:79,4
DA:81,4
DA:82,2
DA:85,2
DA:86,2
DA:87,2
DA:91,3
DA:93,3
DA:94,2
DA:97,1
DA:101,5
LF:37
LH:24
BRDA:15,0,0,2
BRDA:15,0,1,2
BRDA:46,1,0,0
BRDA:46,1,1,0
BRDA:69,2,0,0
BRDA:69,2,1,0
BRDA:81,3,0,2
BRDA:81,3,1,2
BRDA:93,4,0,2
BRDA:93,4,1,1
BRF:10
BRH:6
end_of_record
TN:
SF:src\services\AuthService.ts
FN:16,(anonymous_1)
FN:58,(anonymous_2)
FN:71,(anonymous_3)
FN:98,(anonymous_4)
FNF:4
FNH:4
FNDA:4,(anonymous_1)
FNDA:1,(anonymous_2)
FNDA:2,(anonymous_3)
FNDA:2,(anonymous_4)
DA:1,5
DA:2,5
DA:3,5
DA:4,5
DA:5,5
DA:6,5
DA:7,5
DA:8,5
DA:9,5
DA:11,5
DA:13,8
DA:14,8
DA:19,4
DA:23,4
DA:24,1
DA:28,3
DA:30,3
DA:31,1
DA:34,2
DA:43,2
DA:44,1
DA:48,2
DA:51,2
DA:54,2
DA:59,1
DA:60,1
DA:68,1
DA:73,2
DA:86,2
DA:89,2
DA:95,2
DA:99,2
LF:32
LH:32
BRDA:23,0,0,1
BRDA:23,0,1,3
BRDA:30,1,0,1
BRDA:30,1,1,2
BRDA:43,2,0,1
BRDA:43,2,1,1
BRDA:86,3,0,2
BRDA:86,3,1,0
BRF:8
BRH:7
end_of_record
TN:
SF:src\services\LeituraService.ts
FN:11,(anonymous_1)
FN:19,(anonymous_2)
FN:29,(anonymous_3)
FN:47,(anonymous_4)
FN:61,(anonymous_5)
FN:71,(anonymous_6)
FNF:6
FNH:6
FNDA:2,(anonymous_1)
FNDA:4,(anonymous_2)
FNDA:8,(anonymous_3)
FNDA:4,(anonymous_4)
FNDA:4,(anonymous_5)
FNDA:1,(anonymous_6)
DA:1,5
DA:2,5
DA:3,5
DA:4,5
DA:8,14
DA:9,14
DA:12,2
DA:20,4
DA:22,3
DA:23,2
DA:26,1
DA:31,8
DA:33,8
DA:34,5
DA:37,3
DA:43,3
DA:44,3
DA:48,4
DA:50,4
DA:51,2
DA:54,2
DA:55,2
DA:57,2
DA:58,2
DA:62,4
DA:64,4
DA:65,2
DA:68,2
DA:72,1
DA:80,1
DA:81,1
DA:82,1
DA:84,1
DA:85,1
DA:92,1
DA:93,1
DA:96,1
DA:105,5
LF:38
LH:38
BRDA:22,0,0,2
BRDA:22,0,1,1
BRDA:33,1,0,5
BRDA:33,1,1,3
BRDA:50,2,0,2
BRDA:50,2,1,2
BRDA:64,3,0,2
BRDA:64,3,1,2
BRF:8
BRH:8
end_of_record
TN:
SF:src\services\LogoutService.ts
FN:11,(anonymous_1)
FN:23,(anonymous_2)
FNF:2
FNH:0
FNDA:0,(anonymous_1)
FNDA:0,(anonymous_2)
DA:1,4
DA:2,4
DA:3,4
DA:4,4
DA:5,4
DA:7,4
DA:9,4
DA:12,0
DA:13,0
DA:14,0
DA:19,0
DA:24,0
LF:12
LH:7
BRF:0
BRH:0
end_of_record
TN:
SF:src\services\PesquisadorService.ts
FN:9,(anonymous_1)
FN:13,(anonymous_2)
FN:23,(anonymous_3)
FN:42,(anonymous_4)
FN:56,(anonymous_5)
FNF:5
FNH:5
FNDA:2,(anonymous_1)
FNDA:4,(anonymous_2)
FNDA:10,(anonymous_3)
FNDA:4,(anonymous_4)
FNDA:4,(anonymous_5)
DA:1,5
DA:2,5
DA:3,5
DA:4,5
DA:7,14
DA:10,2
DA:14,4
DA:16,4
DA:17,2
DA:20,2
DA:25,10
DA:28,10
DA:29,10
DA:31,10
DA:32,3
DA:35,7
DA:37,7
DA:38,7
DA:39,7
DA:43,4
DA:45,4
DA:46,2
DA:49,2
DA:50,2
DA:52,2
DA:53,2
DA:57,4
DA:59,4
DA:60,2
DA:63,2
DA:67,5
LF:31
LH:31
BRDA:16,0,0,2
BRDA:16,0,1,2
BRDA:31,1,0,3
BRDA:31,1,1,7
BRDA:31,2,0,10
BRDA:31,2,1,8
BRDA:45,3,0,2
BRDA:45,3,1,2
BRDA:59,4,0,2
BRDA:59,4,1,2
BRF:10
BRH:10
end_of_record
TN:
SF:src\services\RefreshTokenService.ts
FN:15,(anonymous_1)
FN:60,(anonymous_2)
FN:87,(anonymous_3)
FNF:3
FNH:3
FNDA:4,(anonymous_1)
FNDA:1,(anonymous_2)
FNDA:1,(anonymous_3)
DA:1,5
DA:2,5
DA:3,5
DA:5,5
DA:6,5
DA:7,5
DA:8,5
DA:9,5
DA:11,5
DA:13,5
DA:17,4
DA:22,4
DA:32,4
DA:33,2
DA:36,2
DA:37,2
DA:38,1
DA:41,1
DA:43,1
DA:51,1
DA:62,1
DA:75,1
DA:78,1
DA:84,1
DA:88,1
LF:25
LH:25
BRDA:32,0,0,2
BRDA:32,0,1,2
BRDA:32,1,0,4
BRDA:32,1,1,3
BRDA:37,2,0,1
BRDA:37,2,1,1
BRDA:75,3,0,1
BRDA:75,3,1,0
BRF:8
BRH:7
end_of_record
TN:
SF:src\services\SensorService.ts
FN:10,(anonymous_1)
FN:14,(anonymous_2)
FN:41,(anonymous_3)
FN:55,(anonymous_4)
FNF:4
FNH:4
FNDA:2,(anonymous_1)
FNDA:18,(anonymous_2)
FNDA:3,(anonymous_3)
FNDA:4,(anonymous_4)
DA:1,5
DA:2,5
DA:3,5
DA:4,5
DA:7,12
DA:8,12
DA:11,2
DA:15,18
DA:20,18
DA:21,1
DA:23,17
DA:27,17
DA:28,8
DA:33,9
DA:37,9
DA:38,9
DA:42,3
DA:44,3
DA:45,2
DA:48,1
DA:49,1
DA:51,1
DA:52,1
DA:56,4
DA:58,4
DA:59,2
DA:62,2
DA:66,5
LF:28
LH:28
BRDA:20,0,0,1
BRDA:20,0,1,17
BRDA:27,1,0,8
BRDA:27,1,1,9
BRDA:44,2,0,2
BRDA:44,2,1,1
BRDA:58,3,0,2
BRDA:58,3,1,2
BRF:8
BRH:8
end_of_record
TN:
SF:src\utils\asyncError.ts
FN:4,(anonymous_0)
FN:5,(anonymous_1)
FNF:2
FNH:1
FNDA:4,(anonymous_0)
FNDA:0,(anonymous_1)
DA:3,4
DA:4,4
DA:5,4
DA:6,0
LF:4
LH:3
BRF:0
BRH:0
end_of_record
TN:
SF:src\validats\createAreaSchema.ts
FN:5,(anonymous_0)
FN:12,(anonymous_1)
FN:17,(anonymous_2)
FN:24,(anonymous_3)
FN:31,(anonymous_4)
FN:38,(anonymous_5)
FN:43,(anonymous_6)
FN:48,(anonymous_7)
FNF:8
FNH:8
FNDA:25,(anonymous_0)
FNDA:25,(anonymous_1)
FNDA:25,(anonymous_2)
FNDA:25,(anonymous_3)
FNDA:25,(anonymous_4)
FNDA:25,(anonymous_5)
FNDA:25,(anonymous_6)
FNDA:25,(anonymous_7)
DA:1,5
DA:3,5
DA:5,25
DA:12,25
DA:17,25
DA:24,25
DA:31,25
DA:38,25
DA:43,25
DA:48,25
LF:10
LH:10
BRDA:5,0,0,1
BRDA:5,0,1,24
BRDA:12,1,0,0
BRDA:12,1,1,25
BRDA:12,2,0,25
BRDA:12,2,1,25
BRDA:17,3,0,0
BRDA:17,3,1,25
BRDA:24,4,0,1
BRDA:24,4,1,24
BRDA:31,5,0,1
BRDA:31,5,1,24
BRDA:38,6,0,1
BRDA:38,6,1,24
BRDA:43,7,0,1
BRDA:43,7,1,24
BRDA:48,8,0,0
BRDA:48,8,1,25
BRDA:48,9,0,25
BRDA:48,9,1,25
BRF:20
BRH:17
end_of_record
TN:
SF:src\validats\createLeituraSchema.ts
FN:5,(anonymous_0)
FN:12,(anonymous_1)
FN:20,(anonymous_2)
FNF:3
FNH:3
FNDA:12,(anonymous_0)
FNDA:12,(anonymous_1)
FNDA:10,(anonymous_2)
DA:1,5
DA:3,5
DA:5,12
DA:12,12
DA:20,10
LF:5
LH:5
BRDA:5,0,0,0
BRDA:5,0,1,12
BRDA:12,1,0,0
BRDA:12,1,1,12
BRF:4
BRH:2
end_of_record
TN:
SF:src\validats\createPesquisadorSchema.ts
FN:5,(anonymous_0)
FN:10,(anonymous_1)
FN:14,(anonymous_2)
FN:18,(anonymous_3)
FN:27,(anonymous_4)
FN:32,(anonymous_5)
FN:37,(anonymous_6)
FN:40,(anonymous_7)
FNF:8
FNH:8
FNDA:12,(anonymous_0)
FNDA:12,(anonymous_1)
FNDA:12,(anonymous_2)
FNDA:12,(anonymous_3)
FNDA:12,(anonymous_4)
FNDA:12,(anonymous_5)
FNDA:12,(anonymous_6)
FNDA:10,(anonymous_7)
DA:1,5
DA:3,5
DA:5,12
DA:10,12
DA:14,12
DA:18,12
DA:27,12
DA:32,12
DA:37,12
DA:40,10
LF:10
LH:10
BRDA:5,0,0,0
BRDA:5,0,1,12
BRDA:10,1,0,2
BRDA:10,1,1,10
BRDA:14,2,0,2
BRDA:14,2,1,10
BRDA:18,3,0,2
BRDA:18,3,1,10
BRDA:27,4,0,2
BRDA:27,4,1,10
BRDA:32,5,0,0
BRDA:32,5,1,12
BRDA:32,6,0,12
BRDA:32,6,1,12
BRDA:37,7,0,2
BRDA:37,7,1,10
BRDA:37,8,0,12
BRDA:37,8,1,10
BRF:18
BRH:16
end_of_record
TN:
SF:src\validats\createSensorSchema.ts
FN:5,(anonymous_0)
FN:10,(anonymous_1)
FN:15,(anonymous_2)
FN:20,(anonymous_3)
FN:25,(anonymous_4)
FN:32,(anonymous_5)
FN:41,(anonymous_6)
FN:46,(anonymous_7)
FN:51,(anonymous_8)
FN:56,(anonymous_9)
FN:61,(anonymous_10)
FNF:11
FNH:11
FNDA:22,(anonymous_0)
FNDA:22,(anonymous_1)
FNDA:22,(anonymous_2)
FNDA:22,(anonymous_3)
FNDA:22,(anonymous_4)
FNDA:22,(anonymous_5)
FNDA:22,(anonymous_6)
FNDA:22,(anonymous_7)
FNDA:22,(anonymous_8)
FNDA:22,(anonymous_9)
FNDA:22,(anonymous_10)
DA:1,5
DA:3,5
DA:5,22
DA:10,22
DA:15,22
DA:20,22
DA:25,22
DA:32,22
DA:41,22
DA:46,22
DA:51,22
DA:56,22
DA:61,22
LF:13
LH:13
BRDA:5,0,0,1
BRDA:5,0,1,21
BRDA:10,1,0,1
BRDA:10,1,1,21
BRDA:15,2,0,1
BRDA:15,2,1,21
BRDA:20,3,0,1
BRDA:20,3,1,21
BRDA:25,4,0,1
BRDA:25,4,1,21
BRDA:32,5,0,1
BRDA:32,5,1,21
BRDA:32,6,0,22
BRDA:32,6,1,21
BRDA:41,7,0,0
BRDA:41,7,1,22
BRDA:41,8,0,22
BRDA:41,8,1,22
BRDA:46,9,0,1
BRDA:46,9,1,21
BRDA:51,10,0,1
BRDA:51,10,1,21
BRDA:56,11,0,1
BRDA:56,11,1,21
BRDA:61,12,0,1
BRDA:61,12,1,21
BRDA:61,13,0,22
BRDA:61,13,1,21
BRF:28
BRH:27
end_of_record
